mode: set
github.com/brianseitel/oasis-mud/mud/fight.go:15.23,17.51 1 1
github.com/brianseitel/oasis-mud/mud/fight.go:17.51,22.20 3 1
github.com/brianseitel/oasis-mud/mud/fight.go:26.3,26.57 1 1
github.com/brianseitel/oasis-mud/mud/fight.go:32.3,32.40 1 1
github.com/brianseitel/oasis-mud/mud/fight.go:22.20,23.12 1 1
github.com/brianseitel/oasis-mud/mud/fight.go:26.57,28.4 1 0
github.com/brianseitel/oasis-mud/mud/fight.go:28.4,30.4 1 1
github.com/brianseitel/oasis-mud/mud/fight.go:32.40,34.37 1 1
github.com/brianseitel/oasis-mud/mud/fight.go:34.37,37.26 1 1
github.com/brianseitel/oasis-mud/mud/fight.go:43.5,43.18 1 1
github.com/brianseitel/oasis-mud/mud/fight.go:37.26,38.48 1 1
github.com/brianseitel/oasis-mud/mud/fight.go:38.48,40.7 1 1
github.com/brianseitel/oasis-mud/mud/fight.go:43.18,44.52 1 1
github.com/brianseitel/oasis-mud/mud/fight.go:44.52,48.44 3 1
github.com/brianseitel/oasis-mud/mud/fight.go:55.7,55.24 1 1
github.com/brianseitel/oasis-mud/mud/fight.go:48.44,49.88 1 1
github.com/brianseitel/oasis-mud/mud/fight.go:49.88,52.9 2 1
github.com/brianseitel/oasis-mud/mud/fight.go:55.24,57.8 1 1
github.com/brianseitel/oasis-mud/mud/fight.go:65.30,68.20 3 1
github.com/brianseitel/oasis-mud/mud/fight.go:88.2,91.34 3 1
github.com/brianseitel/oasis-mud/mud/fight.go:95.2,95.55 1 1
github.com/brianseitel/oasis-mud/mud/fight.go:68.20,73.23 4 1
github.com/brianseitel/oasis-mud/mud/fight.go:73.23,76.4 2 1
github.com/brianseitel/oasis-mud/mud/fight.go:77.3,82.23 4 1
github.com/brianseitel/oasis-mud/mud/fight.go:82.23,85.4 2 1
github.com/brianseitel/oasis-mud/mud/fight.go:91.34,93.3 1 1
github.com/brianseitel/oasis-mud/mud/fight.go:98.42,99.59 1 1
github.com/brianseitel/oasis-mud/mud/fight.go:103.2,104.37 2 1
github.com/brianseitel/oasis-mud/mud/fight.go:110.2,113.26 3 1
github.com/brianseitel/oasis-mud/mud/fight.go:117.2,117.37 1 1
github.com/brianseitel/oasis-mud/mud/fight.go:99.59,101.3 1 1
github.com/brianseitel/oasis-mud/mud/fight.go:104.37,105.29 1 1
github.com/brianseitel/oasis-mud/mud/fight.go:105.29,107.4 1 1
github.com/brianseitel/oasis-mud/mud/fight.go:113.26,115.3 1 1
github.com/brianseitel/oasis-mud/mud/fight.go:117.37,118.30 1 1
github.com/brianseitel/oasis-mud/mud/fight.go:122.3,122.31 1 1
github.com/brianseitel/oasis-mud/mud/fight.go:127.3,127.32 1 1
github.com/brianseitel/oasis-mud/mud/fight.go:132.3,136.32 4 1
github.com/brianseitel/oasis-mud/mud/fight.go:118.30,119.12 1 1
github.com/brianseitel/oasis-mud/mud/fight.go:122.31,124.12 2 1
github.com/brianseitel/oasis-mud/mud/fight.go:127.32,129.12 2 1
github.com/brianseitel/oasis-mud/mud/fight.go:136.32,137.154 1 1
github.com/brianseitel/oasis-mud/mud/fight.go:137.154,142.5 4 1
github.com/brianseitel/oasis-mud/mud/fight.go:147.59,152.60 3 1
github.com/brianseitel/oasis-mud/mud/fight.go:156.2,156.22 1 1
github.com/brianseitel/oasis-mud/mud/fight.go:167.2,167.31 1 1
github.com/brianseitel/oasis-mud/mud/fight.go:173.2,173.22 1 1
github.com/brianseitel/oasis-mud/mud/fight.go:184.2,184.31 1 1
github.com/brianseitel/oasis-mud/mud/fight.go:191.2,191.22 1 1
github.com/brianseitel/oasis-mud/mud/fight.go:197.2,197.31 1 1
github.com/brianseitel/oasis-mud/mud/fight.go:204.2,204.8 1 1
github.com/brianseitel/oasis-mud/mud/fight.go:152.60,154.3 1 1
github.com/brianseitel/oasis-mud/mud/fight.go:156.22,158.3 1 1
github.com/brianseitel/oasis-mud/mud/fight.go:158.3,160.26 2 1
github.com/brianseitel/oasis-mud/mud/fight.go:160.26,162.4 1 1
github.com/brianseitel/oasis-mud/mud/fight.go:162.4,164.4 1 1
github.com/brianseitel/oasis-mud/mud/fight.go:167.31,169.31 2 1
github.com/brianseitel/oasis-mud/mud/fight.go:169.31,171.4 1 0
github.com/brianseitel/oasis-mud/mud/fight.go:173.22,175.3 1 1
github.com/brianseitel/oasis-mud/mud/fight.go:175.3,177.25 2 1
github.com/brianseitel/oasis-mud/mud/fight.go:177.25,179.4 1 1
github.com/brianseitel/oasis-mud/mud/fight.go:179.4,181.4 1 1
github.com/brianseitel/oasis-mud/mud/fight.go:184.31,186.31 2 1
github.com/brianseitel/oasis-mud/mud/fight.go:186.31,188.4 1 0
github.com/brianseitel/oasis-mud/mud/fight.go:191.22,193.3 1 1
github.com/brianseitel/oasis-mud/mud/fight.go:193.3,195.3 1 1
github.com/brianseitel/oasis-mud/mud/fight.go:197.31,199.31 2 1
github.com/brianseitel/oasis-mud/mud/fight.go:199.31,201.4 1 0
github.com/brianseitel/oasis-mud/mud/fight.go:207.27,212.20 4 1
github.com/brianseitel/oasis-mud/mud/fight.go:217.2,218.36 2 1
github.com/brianseitel/oasis-mud/mud/fight.go:222.2,231.8 8 1
github.com/brianseitel/oasis-mud/mud/fight.go:212.20,215.3 2 1
github.com/brianseitel/oasis-mud/mud/fight.go:218.36,220.3 1 1
github.com/brianseitel/oasis-mud/mud/mob_communication.go:20.74,21.23 1 1
github.com/brianseitel/oasis-mud/mud/mob_communication.go:26.2,26.43 1 1
github.com/brianseitel/oasis-mud/mud/mob_communication.go:31.2,31.17 1 1
github.com/brianseitel/oasis-mud/mud/mob_communication.go:39.2,39.51 1 1
github.com/brianseitel/oasis-mud/mud/mob_communication.go:21.23,24.3 2 1
github.com/brianseitel/oasis-mud/mud/mob_communication.go:26.43,29.3 2 1
github.com/brianseitel/oasis-mud/mud/mob_communication.go:32.2,34.8 2 1
github.com/brianseitel/oasis-mud/mud/mob_communication.go:35.2,36.46 1 1
github.com/brianseitel/oasis-mud/mud/mob_communication.go:39.51,41.24 2 1
github.com/brianseitel/oasis-mud/mud/mob_communication.go:41.24,42.54 1 1
github.com/brianseitel/oasis-mud/mud/mob_communication.go:46.4,46.21 1 1
github.com/brianseitel/oasis-mud/mud/mob_communication.go:42.54,43.13 1 1
github.com/brianseitel/oasis-mud/mud/mob_communication.go:46.21,48.5 1 1
github.com/brianseitel/oasis-mud/mud/mob_communication.go:53.46,55.2 1 1
github.com/brianseitel/oasis-mud/mud/mob_communication.go:57.43,59.2 1 1
github.com/brianseitel/oasis-mud/mud/mob_communication.go:61.44,63.2 1 1
github.com/brianseitel/oasis-mud/mud/mob_communication.go:65.47,67.2 1 1
github.com/brianseitel/oasis-mud/mud/mob_communication.go:69.45,71.2 1 1
github.com/brianseitel/oasis-mud/mud/mob_communication.go:73.44,76.2 2 1
github.com/brianseitel/oasis-mud/mud/mob_communication.go:78.43,80.2 1 1
github.com/brianseitel/oasis-mud/mud/mob_communication.go:82.46,84.2 1 1
github.com/brianseitel/oasis-mud/mud/mob_communication.go:86.42,87.24 1 1
github.com/brianseitel/oasis-mud/mud/mob_communication.go:92.2,93.56 2 1
github.com/brianseitel/oasis-mud/mud/mob_communication.go:87.24,90.3 2 1
github.com/brianseitel/oasis-mud/mud/mob_communication.go:96.43,97.43 1 1
github.com/brianseitel/oasis-mud/mud/mob_communication.go:102.2,102.24 1 1
github.com/brianseitel/oasis-mud/mud/mob_communication.go:107.2,110.19 3 1
github.com/brianseitel/oasis-mud/mud/mob_communication.go:115.2,115.45 1 1
github.com/brianseitel/oasis-mud/mud/mob_communication.go:120.2,123.29 3 1
github.com/brianseitel/oasis-mud/mud/mob_communication.go:97.43,100.3 2 1
github.com/brianseitel/oasis-mud/mud/mob_communication.go:102.24,105.3 2 1
github.com/brianseitel/oasis-mud/mud/mob_communication.go:110.19,113.3 2 1
github.com/brianseitel/oasis-mud/mud/mob_communication.go:115.45,118.3 2 1
github.com/brianseitel/oasis-mud/mud/mob_communication.go:127.44,128.43 1 1
github.com/brianseitel/oasis-mud/mud/mob_communication.go:133.2,134.19 2 1
github.com/brianseitel/oasis-mud/mud/mob_communication.go:139.2,139.45 1 1
github.com/brianseitel/oasis-mud/mud/mob_communication.go:144.2,147.29 3 1
github.com/brianseitel/oasis-mud/mud/mob_communication.go:128.43,131.3 2 1
github.com/brianseitel/oasis-mud/mud/mob_communication.go:134.19,137.3 2 1
github.com/brianseitel/oasis-mud/mud/mob_communication.go:139.45,142.3 2 1
github.com/brianseitel/oasis-mud/mud/mob_communication.go:150.44,151.43 1 1
github.com/brianseitel/oasis-mud/mud/mob_communication.go:156.2,156.24 1 1
github.com/brianseitel/oasis-mud/mud/mob_communication.go:161.2,161.39 1 1
github.com/brianseitel/oasis-mud/mud/mob_communication.go:165.2,166.88 2 1
github.com/brianseitel/oasis-mud/mud/mob_communication.go:151.43,154.3 2 1
github.com/brianseitel/oasis-mud/mud/mob_communication.go:156.24,159.3 2 1
github.com/brianseitel/oasis-mud/mud/mob_communication.go:161.39,163.3 1 1
github.com/brianseitel/oasis-mud/mud/mob_communication.go:169.48,170.39 1 1
github.com/brianseitel/oasis-mud/mud/mob_communication.go:175.2,175.38 1 1
github.com/brianseitel/oasis-mud/mud/mob_communication.go:180.2,181.51 2 1
github.com/brianseitel/oasis-mud/mud/mob_communication.go:170.39,173.3 2 1
github.com/brianseitel/oasis-mud/mud/mob_communication.go:175.38,178.3 2 1
github.com/brianseitel/oasis-mud/mud/mob_communication.go:181.51,183.29 2 1
github.com/brianseitel/oasis-mud/mud/mob_communication.go:183.29,185.4 1 1
github.com/brianseitel/oasis-mud/mud/server.go:22.45,26.16 3 0
github.com/brianseitel/oasis-mud/mud/server.go:30.2,31.6 2 0
github.com/brianseitel/oasis-mud/mud/server.go:26.16,28.3 1 0
github.com/brianseitel/oasis-mud/mud/server.go:31.6,32.42 1 0
github.com/brianseitel/oasis-mud/mud/server.go:35.3,37.17 3 0
github.com/brianseitel/oasis-mud/mud/server.go:41.3,43.21 2 0
github.com/brianseitel/oasis-mud/mud/server.go:32.42,33.9 1 0
github.com/brianseitel/oasis-mud/mud/server.go:37.17,38.14 1 0
github.com/brianseitel/oasis-mud/mud/server.go:43.21,45.4 1 0
github.com/brianseitel/oasis-mud/mud/server.go:51.39,54.16 3 0
github.com/brianseitel/oasis-mud/mud/server.go:58.2,64.6 4 0
github.com/brianseitel/oasis-mud/mud/server.go:54.16,57.3 2 0
github.com/brianseitel/oasis-mud/mud/server.go:64.6,66.17 2 0
github.com/brianseitel/oasis-mud/mud/server.go:66.17,68.4 1 0
github.com/brianseitel/oasis-mud/mud/server.go:68.4,71.4 2 0
github.com/brianseitel/oasis-mud/mud/server.go:75.32,79.6 3 0
github.com/brianseitel/oasis-mud/mud/server.go:79.6,80.10 1 0
github.com/brianseitel/oasis-mud/mud/server.go:81.3,84.9 3 0
github.com/brianseitel/oasis-mud/mud/server.go:85.3,87.9 2 0
github.com/brianseitel/oasis-mud/mud/server.go:92.46,93.44 1 0
github.com/brianseitel/oasis-mud/mud/server.go:105.2,106.12 2 0
github.com/brianseitel/oasis-mud/mud/server.go:93.44,94.32 1 0
github.com/brianseitel/oasis-mud/mud/server.go:94.32,102.4 5 0
github.com/brianseitel/oasis-mud/mud/server.go:109.30,111.2 1 0
github.com/brianseitel/oasis-mud/mud/server.go:113.36,115.2 1 0
github.com/brianseitel/oasis-mud/mud/wiz.go:11.43,12.23 1 1
github.com/brianseitel/oasis-mud/mud/wiz.go:17.2,20.16 4 1
github.com/brianseitel/oasis-mud/mud/wiz.go:25.2,27.19 2 1
github.com/brianseitel/oasis-mud/mud/wiz.go:32.2,32.29 1 1
github.com/brianseitel/oasis-mud/mud/wiz.go:37.2,37.23 1 1
github.com/brianseitel/oasis-mud/mud/wiz.go:42.2,42.27 1 1
github.com/brianseitel/oasis-mud/mud/wiz.go:62.2,62.40 1 1
github.com/brianseitel/oasis-mud/mud/wiz.go:68.2,70.8 3 1
github.com/brianseitel/oasis-mud/mud/wiz.go:12.23,15.3 2 1
github.com/brianseitel/oasis-mud/mud/wiz.go:20.16,23.3 2 1
github.com/brianseitel/oasis-mud/mud/wiz.go:27.19,30.3 2 1
github.com/brianseitel/oasis-mud/mud/wiz.go:32.29,35.3 2 1
github.com/brianseitel/oasis-mud/mud/wiz.go:37.23,40.3 2 1
github.com/brianseitel/oasis-mud/mud/wiz.go:42.27,57.3 13 1
github.com/brianseitel/oasis-mud/mud/wiz.go:57.3,60.3 2 1
github.com/brianseitel/oasis-mud/mud/wiz.go:62.40,66.3 3 1
github.com/brianseitel/oasis-mud/mud/wiz.go:73.41,76.16 2 1
github.com/brianseitel/oasis-mud/mud/wiz.go:81.2,81.51 1 1
github.com/brianseitel/oasis-mud/mud/wiz.go:89.2,89.34 1 1
github.com/brianseitel/oasis-mud/mud/wiz.go:76.16,79.3 2 1
github.com/brianseitel/oasis-mud/mud/wiz.go:81.51,83.16 2 1
github.com/brianseitel/oasis-mud/mud/wiz.go:83.16,85.9 2 1
github.com/brianseitel/oasis-mud/mud/wiz.go:92.38,93.23 1 1
github.com/brianseitel/oasis-mud/mud/wiz.go:98.2,101.21 3 1
github.com/brianseitel/oasis-mud/mud/wiz.go:106.2,106.26 1 0
github.com/brianseitel/oasis-mud/mud/wiz.go:111.2,117.8 5 0
github.com/brianseitel/oasis-mud/mud/wiz.go:93.23,96.3 2 1
github.com/brianseitel/oasis-mud/mud/wiz.go:101.21,104.3 2 1
github.com/brianseitel/oasis-mud/mud/wiz.go:106.26,109.3 2 0
github.com/brianseitel/oasis-mud/mud/wiz.go:120.42,122.23 1 1
github.com/brianseitel/oasis-mud/mud/wiz.go:127.2,127.18 1 1
github.com/brianseitel/oasis-mud/mud/wiz.go:122.23,125.3 2 1
github.com/brianseitel/oasis-mud/mud/wiz.go:127.18,129.3 1 1
github.com/brianseitel/oasis-mud/mud/wiz.go:132.43,134.23 1 1
github.com/brianseitel/oasis-mud/mud/wiz.go:139.2,139.18 1 1
github.com/brianseitel/oasis-mud/mud/wiz.go:134.23,137.3 2 1
github.com/brianseitel/oasis-mud/mud/wiz.go:139.18,141.3 1 1
github.com/brianseitel/oasis-mud/mud/wiz.go:144.39,145.17 1 1
github.com/brianseitel/oasis-mud/mud/wiz.go:149.2,151.16 2 1
github.com/brianseitel/oasis-mud/mud/wiz.go:160.2,160.51 1 1
github.com/brianseitel/oasis-mud/mud/wiz.go:168.2,169.19 2 1
github.com/brianseitel/oasis-mud/mud/wiz.go:145.17,147.3 1 1
github.com/brianseitel/oasis-mud/mud/wiz.go:151.16,153.52 2 1
github.com/brianseitel/oasis-mud/mud/wiz.go:157.3,157.9 1 1
github.com/brianseitel/oasis-mud/mud/wiz.go:153.52,156.4 2 1
github.com/brianseitel/oasis-mud/mud/wiz.go:160.51,162.16 2 1
github.com/brianseitel/oasis-mud/mud/wiz.go:162.16,165.4 2 1
github.com/brianseitel/oasis-mud/mud/wiz.go:172.40,173.23 1 1
github.com/brianseitel/oasis-mud/mud/wiz.go:178.2,180.19 3 1
github.com/brianseitel/oasis-mud/mud/wiz.go:185.2,185.30 1 1
github.com/brianseitel/oasis-mud/mud/wiz.go:190.2,193.24 4 1
github.com/brianseitel/oasis-mud/mud/wiz.go:173.23,176.3 2 1
github.com/brianseitel/oasis-mud/mud/wiz.go:180.19,183.3 2 1
github.com/brianseitel/oasis-mud/mud/wiz.go:185.30,188.3 2 1
github.com/brianseitel/oasis-mud/mud/wiz.go:196.46,197.23 1 1
github.com/brianseitel/oasis-mud/mud/wiz.go:202.2,204.19 3 1
github.com/brianseitel/oasis-mud/mud/wiz.go:209.2,209.26 1 1
github.com/brianseitel/oasis-mud/mud/wiz.go:214.2,214.43 1 1
github.com/brianseitel/oasis-mud/mud/wiz.go:222.2,223.8 2 1
github.com/brianseitel/oasis-mud/mud/wiz.go:197.23,200.3 2 1
github.com/brianseitel/oasis-mud/mud/wiz.go:204.19,207.3 2 1
github.com/brianseitel/oasis-mud/mud/wiz.go:209.26,212.3 2 1
github.com/brianseitel/oasis-mud/mud/wiz.go:214.43,215.26 1 1
github.com/brianseitel/oasis-mud/mud/wiz.go:215.26,219.4 3 1
github.com/brianseitel/oasis-mud/mud/wiz.go:226.40,227.23 1 1
github.com/brianseitel/oasis-mud/mud/wiz.go:232.2,232.51 1 1
github.com/brianseitel/oasis-mud/mud/wiz.go:236.2,236.8 1 1
github.com/brianseitel/oasis-mud/mud/wiz.go:227.23,230.3 2 1
github.com/brianseitel/oasis-mud/mud/wiz.go:232.51,235.3 2 1
github.com/brianseitel/oasis-mud/mud/wiz.go:239.53,240.23 1 1
github.com/brianseitel/oasis-mud/mud/wiz.go:245.2,250.14 4 1
github.com/brianseitel/oasis-mud/mud/wiz.go:254.2,255.19 2 1
github.com/brianseitel/oasis-mud/mud/wiz.go:261.2,261.12 1 1
github.com/brianseitel/oasis-mud/mud/wiz.go:240.23,243.3 2 1
github.com/brianseitel/oasis-mud/mud/wiz.go:250.14,252.3 1 1
github.com/brianseitel/oasis-mud/mud/wiz.go:255.19,257.3 1 1
github.com/brianseitel/oasis-mud/mud/wiz.go:264.41,265.23 1 1
github.com/brianseitel/oasis-mud/mud/wiz.go:270.2,272.19 2 1
github.com/brianseitel/oasis-mud/mud/wiz.go:302.2,303.8 2 1
github.com/brianseitel/oasis-mud/mud/wiz.go:265.23,268.3 2 1
github.com/brianseitel/oasis-mud/mud/wiz.go:272.19,273.52 1 1
github.com/brianseitel/oasis-mud/mud/wiz.go:273.52,275.70 2 1
github.com/brianseitel/oasis-mud/mud/wiz.go:275.70,278.5 2 1
github.com/brianseitel/oasis-mud/mud/wiz.go:280.3,283.20 2 1
github.com/brianseitel/oasis-mud/mud/wiz.go:288.3,288.20 1 1
github.com/brianseitel/oasis-mud/mud/wiz.go:293.3,293.42 1 1
github.com/brianseitel/oasis-mud/mud/wiz.go:298.3,299.28 2 1
github.com/brianseitel/oasis-mud/mud/wiz.go:283.20,286.4 2 1
github.com/brianseitel/oasis-mud/mud/wiz.go:288.20,291.4 2 0
github.com/brianseitel/oasis-mud/mud/wiz.go:293.42,296.4 2 1
github.com/brianseitel/oasis-mud/mud/wiz.go:307.42,308.23 1 1
github.com/brianseitel/oasis-mud/mud/wiz.go:313.2,316.19 3 1
github.com/brianseitel/oasis-mud/mud/wiz.go:321.2,321.41 1 1
github.com/brianseitel/oasis-mud/mud/wiz.go:326.2,326.38 1 1
github.com/brianseitel/oasis-mud/mud/wiz.go:338.2,338.8 1 1
github.com/brianseitel/oasis-mud/mud/wiz.go:308.23,311.3 2 1
github.com/brianseitel/oasis-mud/mud/wiz.go:316.19,319.3 2 1
github.com/brianseitel/oasis-mud/mud/wiz.go:321.41,324.3 2 1
github.com/brianseitel/oasis-mud/mud/wiz.go:326.38,330.3 3 1
github.com/brianseitel/oasis-mud/mud/wiz.go:330.3,334.3 3 1
github.com/brianseitel/oasis-mud/mud/wiz.go:341.40,342.23 1 1
github.com/brianseitel/oasis-mud/mud/wiz.go:347.2,348.21 2 1
github.com/brianseitel/oasis-mud/mud/wiz.go:353.2,353.26 1 1
github.com/brianseitel/oasis-mud/mud/wiz.go:358.2,358.22 1 1
github.com/brianseitel/oasis-mud/mud/wiz.go:362.2,362.38 1 1
github.com/brianseitel/oasis-mud/mud/wiz.go:366.2,370.24 4 1
github.com/brianseitel/oasis-mud/mud/wiz.go:342.23,345.3 2 1
github.com/brianseitel/oasis-mud/mud/wiz.go:348.21,351.3 2 1
github.com/brianseitel/oasis-mud/mud/wiz.go:353.26,356.3 2 0
github.com/brianseitel/oasis-mud/mud/wiz.go:358.22,360.3 1 1
github.com/brianseitel/oasis-mud/mud/wiz.go:362.38,364.3 1 1
github.com/brianseitel/oasis-mud/mud/wiz.go:373.45,374.17 1 1
github.com/brianseitel/oasis-mud/mud/wiz.go:378.2,378.38 1 1
github.com/brianseitel/oasis-mud/mud/wiz.go:374.17,376.3 1 1
github.com/brianseitel/oasis-mud/mud/wiz.go:378.38,381.3 2 1
github.com/brianseitel/oasis-mud/mud/wiz.go:381.3,384.3 2 1
github.com/brianseitel/oasis-mud/mud/wiz.go:387.41,388.17 1 1
github.com/brianseitel/oasis-mud/mud/wiz.go:392.2,392.37 1 1
github.com/brianseitel/oasis-mud/mud/wiz.go:401.2,401.8 1 1
github.com/brianseitel/oasis-mud/mud/wiz.go:388.17,390.3 1 1
github.com/brianseitel/oasis-mud/mud/wiz.go:392.37,396.3 3 1
github.com/brianseitel/oasis-mud/mud/wiz.go:396.3,400.3 3 1
github.com/brianseitel/oasis-mud/mud/wiz.go:404.39,407.16 2 1
github.com/brianseitel/oasis-mud/mud/wiz.go:412.2,412.19 1 1
github.com/brianseitel/oasis-mud/mud/wiz.go:416.2,417.19 2 1
github.com/brianseitel/oasis-mud/mud/wiz.go:422.2,422.20 1 1
github.com/brianseitel/oasis-mud/mud/wiz.go:427.2,427.35 1 1
github.com/brianseitel/oasis-mud/mud/wiz.go:407.16,410.3 2 1
github.com/brianseitel/oasis-mud/mud/wiz.go:412.19,414.3 1 1
github.com/brianseitel/oasis-mud/mud/wiz.go:417.19,420.3 2 1
github.com/brianseitel/oasis-mud/mud/wiz.go:422.20,425.3 2 0
github.com/brianseitel/oasis-mud/mud/wiz.go:427.35,430.3 2 1
github.com/brianseitel/oasis-mud/mud/wiz.go:430.3,433.3 2 1
github.com/brianseitel/oasis-mud/mud/wiz.go:436.42,450.2 11 1
github.com/brianseitel/oasis-mud/mud/wiz.go:452.41,453.23 1 1
github.com/brianseitel/oasis-mud/mud/wiz.go:458.2,462.51 4 1
github.com/brianseitel/oasis-mud/mud/wiz.go:470.2,470.12 1 1
github.com/brianseitel/oasis-mud/mud/wiz.go:473.2,473.8 1 1
github.com/brianseitel/oasis-mud/mud/wiz.go:453.23,456.3 2 1
github.com/brianseitel/oasis-mud/mud/wiz.go:462.51,464.46 2 1
github.com/brianseitel/oasis-mud/mud/wiz.go:464.46,467.4 2 1
github.com/brianseitel/oasis-mud/mud/wiz.go:470.12,472.3 1 0
github.com/brianseitel/oasis-mud/mud/wiz.go:476.41,477.23 1 0
github.com/brianseitel/oasis-mud/mud/wiz.go:482.2,484.16 3 0
github.com/brianseitel/oasis-mud/mud/wiz.go:488.2,489.16 2 0
github.com/brianseitel/oasis-mud/mud/wiz.go:494.2,499.8 6 0
github.com/brianseitel/oasis-mud/mud/wiz.go:477.23,480.3 2 0
github.com/brianseitel/oasis-mud/mud/wiz.go:484.16,487.3 2 0
github.com/brianseitel/oasis-mud/mud/wiz.go:489.16,492.3 2 0
github.com/brianseitel/oasis-mud/mud/wiz.go:502.41,503.23 1 0
github.com/brianseitel/oasis-mud/mud/wiz.go:508.2,511.51 3 0
github.com/brianseitel/oasis-mud/mud/wiz.go:519.2,519.19 1 0
github.com/brianseitel/oasis-mud/mud/wiz.go:524.2,531.25 7 0
github.com/brianseitel/oasis-mud/mud/wiz.go:534.2,541.36 5 0
github.com/brianseitel/oasis-mud/mud/wiz.go:544.2,544.8 1 0
github.com/brianseitel/oasis-mud/mud/wiz.go:503.23,506.3 2 0
github.com/brianseitel/oasis-mud/mud/wiz.go:511.51,513.35 2 0
github.com/brianseitel/oasis-mud/mud/wiz.go:513.35,515.9 2 0
github.com/brianseitel/oasis-mud/mud/wiz.go:519.19,522.3 2 0
github.com/brianseitel/oasis-mud/mud/wiz.go:531.25,533.3 1 0
github.com/brianseitel/oasis-mud/mud/wiz.go:541.36,543.3 1 0
github.com/brianseitel/oasis-mud/mud/wiz.go:547.42,548.23 1 0
github.com/brianseitel/oasis-mud/mud/wiz.go:553.2,555.51 3 0
github.com/brianseitel/oasis-mud/mud/wiz.go:563.2,563.12 1 0
github.com/brianseitel/oasis-mud/mud/wiz.go:548.23,551.3 2 0
github.com/brianseitel/oasis-mud/mud/wiz.go:555.51,557.65 2 0
github.com/brianseitel/oasis-mud/mud/wiz.go:557.65,560.4 2 0
github.com/brianseitel/oasis-mud/mud/wiz.go:563.12,565.3 1 0
github.com/brianseitel/oasis-mud/mud/wiz.go:569.43,572.16 2 0
github.com/brianseitel/oasis-mud/mud/wiz.go:577.2,578.19 2 0
github.com/brianseitel/oasis-mud/mud/wiz.go:583.2,583.20 1 0
github.com/brianseitel/oasis-mud/mud/wiz.go:588.2,588.41 1 0
github.com/brianseitel/oasis-mud/mud/wiz.go:592.2,592.39 1 0
github.com/brianseitel/oasis-mud/mud/wiz.go:572.16,575.3 2 0
github.com/brianseitel/oasis-mud/mud/wiz.go:578.19,581.3 2 0
github.com/brianseitel/oasis-mud/mud/wiz.go:583.20,586.3 2 0
github.com/brianseitel/oasis-mud/mud/wiz.go:588.41,590.3 1 0
github.com/brianseitel/oasis-mud/mud/wiz.go:592.39,596.3 3 0
github.com/brianseitel/oasis-mud/mud/wiz.go:596.3,600.3 3 0
github.com/brianseitel/oasis-mud/mud/wiz.go:603.42,606.16 2 0
github.com/brianseitel/oasis-mud/mud/wiz.go:611.2,612.19 2 0
github.com/brianseitel/oasis-mud/mud/wiz.go:617.2,617.20 1 0
github.com/brianseitel/oasis-mud/mud/wiz.go:622.2,622.41 1 0
github.com/brianseitel/oasis-mud/mud/wiz.go:626.2,626.38 1 0
github.com/brianseitel/oasis-mud/mud/wiz.go:606.16,609.3 2 0
github.com/brianseitel/oasis-mud/mud/wiz.go:612.19,615.3 2 0
github.com/brianseitel/oasis-mud/mud/wiz.go:617.20,620.3 2 0
github.com/brianseitel/oasis-mud/mud/wiz.go:622.41,624.3 1 0
github.com/brianseitel/oasis-mud/mud/wiz.go:626.38,630.3 3 0
github.com/brianseitel/oasis-mud/mud/wiz.go:630.3,634.3 3 0
github.com/brianseitel/oasis-mud/mud/wiz.go:637.41,638.23 1 0
github.com/brianseitel/oasis-mud/mud/wiz.go:643.2,647.52 4 0
github.com/brianseitel/oasis-mud/mud/wiz.go:655.2,655.12 1 0
github.com/brianseitel/oasis-mud/mud/wiz.go:658.2,658.8 1 0
github.com/brianseitel/oasis-mud/mud/wiz.go:638.23,641.3 2 0
github.com/brianseitel/oasis-mud/mud/wiz.go:647.52,649.42 2 0
github.com/brianseitel/oasis-mud/mud/wiz.go:649.42,652.4 2 0
github.com/brianseitel/oasis-mud/mud/wiz.go:655.12,657.3 1 0
github.com/brianseitel/oasis-mud/mud/wiz.go:661.41,662.23 1 0
github.com/brianseitel/oasis-mud/mud/wiz.go:667.2,670.16 4 0
github.com/brianseitel/oasis-mud/mud/wiz.go:675.2,676.16 2 0
github.com/brianseitel/oasis-mud/mud/wiz.go:681.2,681.36 1 0
github.com/brianseitel/oasis-mud/mud/wiz.go:686.2,687.57 2 0
github.com/brianseitel/oasis-mud/mud/wiz.go:695.2,695.21 1 0
github.com/brianseitel/oasis-mud/mud/wiz.go:700.2,701.27 2 0
github.com/brianseitel/oasis-mud/mud/wiz.go:709.2,710.8 2 0
github.com/brianseitel/oasis-mud/mud/wiz.go:662.23,665.3 2 0
github.com/brianseitel/oasis-mud/mud/wiz.go:670.16,673.3 2 0
github.com/brianseitel/oasis-mud/mud/wiz.go:676.16,679.3 2 0
github.com/brianseitel/oasis-mud/mud/wiz.go:681.36,684.3 2 0
github.com/brianseitel/oasis-mud/mud/wiz.go:687.57,689.17 2 0
github.com/brianseitel/oasis-mud/mud/wiz.go:689.17,691.9 2 0
github.com/brianseitel/oasis-mud/mud/wiz.go:695.21,698.3 2 0
github.com/brianseitel/oasis-mud/mud/wiz.go:701.27,704.3 2 0
github.com/brianseitel/oasis-mud/mud/wiz.go:704.3,707.3 2 0
github.com/brianseitel/oasis-mud/mud/wiz.go:713.41,714.23 1 0
github.com/brianseitel/oasis-mud/mud/wiz.go:719.2,722.52 3 0
github.com/brianseitel/oasis-mud/mud/wiz.go:730.2,730.16 1 0
github.com/brianseitel/oasis-mud/mud/wiz.go:735.2,744.26 9 0
github.com/brianseitel/oasis-mud/mud/wiz.go:747.2,748.21 2 0
github.com/brianseitel/oasis-mud/mud/wiz.go:751.2,753.34 2 0
github.com/brianseitel/oasis-mud/mud/wiz.go:757.2,757.40 1 0
github.com/brianseitel/oasis-mud/mud/wiz.go:760.2,760.8 1 0
github.com/brianseitel/oasis-mud/mud/wiz.go:714.23,717.3 2 0
github.com/brianseitel/oasis-mud/mud/wiz.go:722.52,724.35 2 0
github.com/brianseitel/oasis-mud/mud/wiz.go:724.35,726.9 2 0
github.com/brianseitel/oasis-mud/mud/wiz.go:730.16,733.3 2 0
github.com/brianseitel/oasis-mud/mud/wiz.go:744.26,746.3 1 0
github.com/brianseitel/oasis-mud/mud/wiz.go:748.21,750.3 1 0
github.com/brianseitel/oasis-mud/mud/wiz.go:753.34,755.3 1 0
github.com/brianseitel/oasis-mud/mud/wiz.go:757.40,759.3 1 0
github.com/brianseitel/oasis-mud/mud/wiz.go:763.42,764.23 1 0
github.com/brianseitel/oasis-mud/mud/wiz.go:769.2,773.19 4 0
github.com/brianseitel/oasis-mud/mud/wiz.go:778.2,778.20 1 0
github.com/brianseitel/oasis-mud/mud/wiz.go:783.2,783.22 1 0
github.com/brianseitel/oasis-mud/mud/wiz.go:792.2,792.21 1 0
github.com/brianseitel/oasis-mud/mud/wiz.go:801.2,802.8 2 0
github.com/brianseitel/oasis-mud/mud/wiz.go:764.23,767.3 2 0
github.com/brianseitel/oasis-mud/mud/wiz.go:773.19,776.3 2 0
github.com/brianseitel/oasis-mud/mud/wiz.go:778.20,781.3 2 0
github.com/brianseitel/oasis-mud/mud/wiz.go:783.22,784.39 1 0
github.com/brianseitel/oasis-mud/mud/wiz.go:789.3,789.9 1 0
github.com/brianseitel/oasis-mud/mud/wiz.go:784.39,788.4 3 0
github.com/brianseitel/oasis-mud/mud/wiz.go:792.21,793.38 1 0
github.com/brianseitel/oasis-mud/mud/wiz.go:798.3,798.9 1 0
github.com/brianseitel/oasis-mud/mud/wiz.go:793.38,797.4 3 0
github.com/brianseitel/oasis-mud/mud/wiz.go:805.41,806.51 1 0
github.com/brianseitel/oasis-mud/mud/wiz.go:811.2,811.19 1 0
github.com/brianseitel/oasis-mud/mud/wiz.go:806.51,809.3 2 0
github.com/brianseitel/oasis-mud/mud/wiz.go:814.41,815.23 1 0
github.com/brianseitel/oasis-mud/mud/wiz.go:831.2,833.19 3 0
github.com/brianseitel/oasis-mud/mud/wiz.go:838.2,838.21 1 0
github.com/brianseitel/oasis-mud/mud/wiz.go:843.2,844.26 2 0
github.com/brianseitel/oasis-mud/mud/wiz.go:815.23,816.35 1 0
github.com/brianseitel/oasis-mud/mud/wiz.go:822.3,822.36 1 0
github.com/brianseitel/oasis-mud/mud/wiz.go:826.3,828.9 3 0
github.com/brianseitel/oasis-mud/mud/wiz.go:816.35,817.17 1 0
github.com/brianseitel/oasis-mud/mud/wiz.go:817.17,819.5 1 0
github.com/brianseitel/oasis-mud/mud/wiz.go:822.36,824.4 1 0
github.com/brianseitel/oasis-mud/mud/wiz.go:833.19,836.3 2 0
github.com/brianseitel/oasis-mud/mud/wiz.go:838.21,841.3 2 0
github.com/brianseitel/oasis-mud/mud/wiz.go:847.41,850.2 2 0
github.com/brianseitel/oasis-mud/mud/wiz.go:852.42,856.2 3 0
github.com/brianseitel/oasis-mud/mud/wiz.go:858.43,859.23 1 0
github.com/brianseitel/oasis-mud/mud/wiz.go:863.2,865.19 3 0
github.com/brianseitel/oasis-mud/mud/wiz.go:870.2,876.8 7 0
github.com/brianseitel/oasis-mud/mud/wiz.go:859.23,862.3 2 0
github.com/brianseitel/oasis-mud/mud/wiz.go:865.19,868.3 2 0
github.com/brianseitel/oasis-mud/mud/wiz.go:879.42,880.23 1 0
github.com/brianseitel/oasis-mud/mud/wiz.go:884.2,884.32 1 0
github.com/brianseitel/oasis-mud/mud/wiz.go:889.2,894.8 6 0
github.com/brianseitel/oasis-mud/mud/wiz.go:880.23,882.3 1 0
github.com/brianseitel/oasis-mud/mud/wiz.go:884.32,887.3 2 0
github.com/brianseitel/oasis-mud/mud/wiz.go:897.41,898.23 1 0
github.com/brianseitel/oasis-mud/mud/wiz.go:903.2,903.51 1 0
github.com/brianseitel/oasis-mud/mud/wiz.go:909.2,909.8 1 0
github.com/brianseitel/oasis-mud/mud/wiz.go:898.23,901.3 2 0
github.com/brianseitel/oasis-mud/mud/wiz.go:903.51,905.25 2 0
github.com/brianseitel/oasis-mud/mud/wiz.go:905.25,907.4 1 0
github.com/brianseitel/oasis-mud/mud/wiz.go:912.41,914.23 2 0
github.com/brianseitel/oasis-mud/mud/wiz.go:920.2,920.21 1 0
github.com/brianseitel/oasis-mud/mud/wiz.go:925.2,925.50 1 0
github.com/brianseitel/oasis-mud/mud/wiz.go:930.2,942.34 10 0
github.com/brianseitel/oasis-mud/mud/wiz.go:947.2,951.35 4 0
github.com/brianseitel/oasis-mud/mud/wiz.go:954.2,956.35 2 0
github.com/brianseitel/oasis-mud/mud/wiz.go:960.2,960.8 1 0
github.com/brianseitel/oasis-mud/mud/wiz.go:914.23,916.3 1 0
github.com/brianseitel/oasis-mud/mud/wiz.go:916.3,918.3 1 0
github.com/brianseitel/oasis-mud/mud/wiz.go:920.21,923.3 2 0
github.com/brianseitel/oasis-mud/mud/wiz.go:925.50,928.3 2 0
github.com/brianseitel/oasis-mud/mud/wiz.go:942.34,943.17 1 0
github.com/brianseitel/oasis-mud/mud/wiz.go:943.17,945.4 1 0
github.com/brianseitel/oasis-mud/mud/wiz.go:951.35,953.3 1 0
github.com/brianseitel/oasis-mud/mud/wiz.go:956.35,959.3 2 0
github.com/brianseitel/oasis-mud/mud/wiz.go:963.43,966.16 2 0
github.com/brianseitel/oasis-mud/mud/wiz.go:971.2,972.19 2 0
github.com/brianseitel/oasis-mud/mud/wiz.go:977.2,977.20 1 0
github.com/brianseitel/oasis-mud/mud/wiz.go:982.2,982.41 1 0
github.com/brianseitel/oasis-mud/mud/wiz.go:986.2,986.39 1 0
github.com/brianseitel/oasis-mud/mud/wiz.go:966.16,969.3 2 0
github.com/brianseitel/oasis-mud/mud/wiz.go:972.19,975.3 2 0
github.com/brianseitel/oasis-mud/mud/wiz.go:977.20,980.3 2 0
github.com/brianseitel/oasis-mud/mud/wiz.go:982.41,984.3 1 0
github.com/brianseitel/oasis-mud/mud/wiz.go:986.39,990.3 3 0
github.com/brianseitel/oasis-mud/mud/wiz.go:990.3,994.3 3 0
github.com/brianseitel/oasis-mud/mud/wiz.go:997.43,1000.2 2 0
github.com/brianseitel/oasis-mud/mud/wiz.go:1002.44,1005.2 2 0
github.com/brianseitel/oasis-mud/mud/wiz.go:1007.50,1010.2 2 0
github.com/brianseitel/oasis-mud/mud/wiz.go:1012.40,1015.16 2 0
github.com/brianseitel/oasis-mud/mud/wiz.go:1020.2,1021.46 2 0
github.com/brianseitel/oasis-mud/mud/wiz.go:1026.2,1026.19 1 0
github.com/brianseitel/oasis-mud/mud/wiz.go:1031.2,1031.50 1 0
github.com/brianseitel/oasis-mud/mud/wiz.go:1036.2,1039.8 4 0
github.com/brianseitel/oasis-mud/mud/wiz.go:1015.16,1018.3 2 0
github.com/brianseitel/oasis-mud/mud/wiz.go:1021.46,1024.3 2 0
github.com/brianseitel/oasis-mud/mud/wiz.go:1026.19,1029.3 2 0
github.com/brianseitel/oasis-mud/mud/wiz.go:1031.50,1034.3 2 0
github.com/brianseitel/oasis-mud/mud/wiz.go:1042.43,1045.16 2 0
github.com/brianseitel/oasis-mud/mud/wiz.go:1050.2,1050.19 1 0
github.com/brianseitel/oasis-mud/mud/wiz.go:1045.16,1048.3 2 0
github.com/brianseitel/oasis-mud/mud/wiz.go:1050.19,1051.54 1 0
github.com/brianseitel/oasis-mud/mud/wiz.go:1051.54,1054.4 2 0
github.com/brianseitel/oasis-mud/mud/wiz.go:1055.3,1058.16 2 0
github.com/brianseitel/oasis-mud/mud/wiz.go:1063.3,1063.49 1 0
github.com/brianseitel/oasis-mud/mud/wiz.go:1058.16,1061.4 2 0
github.com/brianseitel/oasis-mud/mud/wiz.go:1067.41,1068.23 1 0
github.com/brianseitel/oasis-mud/mud/wiz.go:1073.2,1075.19 3 0
github.com/brianseitel/oasis-mud/mud/wiz.go:1080.2,1080.26 1 0
github.com/brianseitel/oasis-mud/mud/wiz.go:1085.2,1085.19 1 0
github.com/brianseitel/oasis-mud/mud/wiz.go:1095.2,1095.34 1 0
github.com/brianseitel/oasis-mud/mud/wiz.go:1100.2,1100.41 1 0
github.com/brianseitel/oasis-mud/mud/wiz.go:1104.2,1104.23 1 0
github.com/brianseitel/oasis-mud/mud/wiz.go:1113.2,1115.8 3 0
github.com/brianseitel/oasis-mud/mud/wiz.go:1068.23,1071.3 2 0
github.com/brianseitel/oasis-mud/mud/wiz.go:1075.19,1078.3 2 0
github.com/brianseitel/oasis-mud/mud/wiz.go:1080.26,1083.3 2 0
github.com/brianseitel/oasis-mud/mud/wiz.go:1085.19,1087.44 2 0
github.com/brianseitel/oasis-mud/mud/wiz.go:1092.3,1092.9 1 0
github.com/brianseitel/oasis-mud/mud/wiz.go:1087.44,1088.31 1 0
github.com/brianseitel/oasis-mud/mud/wiz.go:1088.31,1090.5 1 0
github.com/brianseitel/oasis-mud/mud/wiz.go:1095.34,1098.3 2 0
github.com/brianseitel/oasis-mud/mud/wiz.go:1100.41,1102.3 1 0
github.com/brianseitel/oasis-mud/mud/wiz.go:1104.23,1105.44 1 0
github.com/brianseitel/oasis-mud/mud/wiz.go:1105.44,1106.47 1 0
github.com/brianseitel/oasis-mud/mud/wiz.go:1106.47,1109.5 2 0
github.com/brianseitel/oasis-mud/mud/wiz.go:1118.42,1119.23 1 0
github.com/brianseitel/oasis-mud/mud/wiz.go:1124.2,1126.23 3 0
github.com/brianseitel/oasis-mud/mud/wiz.go:1130.2,1130.32 1 0
github.com/brianseitel/oasis-mud/mud/wiz.go:1135.2,1135.19 1 0
github.com/brianseitel/oasis-mud/mud/wiz.go:1140.2,1140.19 1 0
github.com/brianseitel/oasis-mud/mud/wiz.go:1145.2,1145.26 1 0
github.com/brianseitel/oasis-mud/mud/wiz.go:1150.2,1155.8 6 0
github.com/brianseitel/oasis-mud/mud/wiz.go:1119.23,1122.3 2 0
github.com/brianseitel/oasis-mud/mud/wiz.go:1126.23,1128.3 1 0
github.com/brianseitel/oasis-mud/mud/wiz.go:1130.32,1133.3 2 0
github.com/brianseitel/oasis-mud/mud/wiz.go:1135.19,1138.3 2 0
github.com/brianseitel/oasis-mud/mud/wiz.go:1140.19,1143.3 2 0
github.com/brianseitel/oasis-mud/mud/wiz.go:1145.26,1148.3 2 0
github.com/brianseitel/oasis-mud/mud/wiz.go:1158.44,1159.23 1 0
github.com/brianseitel/oasis-mud/mud/wiz.go:1163.2,1165.19 2 0
github.com/brianseitel/oasis-mud/mud/wiz.go:1175.2,1176.21 2 0
github.com/brianseitel/oasis-mud/mud/wiz.go:1191.2,1192.19 2 0
github.com/brianseitel/oasis-mud/mud/wiz.go:1197.2,1197.24 1 0
github.com/brianseitel/oasis-mud/mud/wiz.go:1202.2,1202.54 1 0
github.com/brianseitel/oasis-mud/mud/wiz.go:1206.2,1211.19 6 0
github.com/brianseitel/oasis-mud/mud/wiz.go:1215.2,1216.19 2 0
github.com/brianseitel/oasis-mud/mud/wiz.go:1159.23,1161.3 1 0
github.com/brianseitel/oasis-mud/mud/wiz.go:1165.19,1166.52 1 0
github.com/brianseitel/oasis-mud/mud/wiz.go:1172.3,1172.9 1 0
github.com/brianseitel/oasis-mud/mud/wiz.go:1166.52,1168.69 2 0
github.com/brianseitel/oasis-mud/mud/wiz.go:1168.69,1170.5 1 0
github.com/brianseitel/oasis-mud/mud/wiz.go:1176.21,1178.3 1 0
github.com/brianseitel/oasis-mud/mud/wiz.go:1178.3,1180.22 2 0
github.com/brianseitel/oasis-mud/mud/wiz.go:1185.3,1185.27 1 0
github.com/brianseitel/oasis-mud/mud/wiz.go:1180.22,1183.4 2 0
github.com/brianseitel/oasis-mud/mud/wiz.go:1185.27,1188.4 2 0
github.com/brianseitel/oasis-mud/mud/wiz.go:1192.19,1195.3 2 0
github.com/brianseitel/oasis-mud/mud/wiz.go:1197.24,1200.3 2 0
github.com/brianseitel/oasis-mud/mud/wiz.go:1202.54,1204.3 1 0
github.com/brianseitel/oasis-mud/mud/wiz.go:1211.19,1213.3 1 0
github.com/brianseitel/oasis-mud/mud/wiz.go:1219.41,1220.23 1 0
github.com/brianseitel/oasis-mud/mud/wiz.go:1225.2,1230.16 5 0
github.com/brianseitel/oasis-mud/mud/wiz.go:1235.2,1236.19 2 0
github.com/brianseitel/oasis-mud/mud/wiz.go:1241.2,1241.29 1 0
github.com/brianseitel/oasis-mud/mud/wiz.go:1246.2,1246.28 1 0
github.com/brianseitel/oasis-mud/mud/wiz.go:1251.2,1252.8 2 0
github.com/brianseitel/oasis-mud/mud/wiz.go:1220.23,1223.3 2 0
github.com/brianseitel/oasis-mud/mud/wiz.go:1230.16,1233.3 2 0
github.com/brianseitel/oasis-mud/mud/wiz.go:1236.19,1239.3 2 0
github.com/brianseitel/oasis-mud/mud/wiz.go:1241.29,1244.3 2 0
github.com/brianseitel/oasis-mud/mud/wiz.go:1246.28,1249.3 2 0
github.com/brianseitel/oasis-mud/mud/wiz.go:1255.41,1258.43 2 0
github.com/brianseitel/oasis-mud/mud/wiz.go:1272.2,1273.16 2 0
github.com/brianseitel/oasis-mud/mud/wiz.go:1276.2,1276.39 1 0
github.com/brianseitel/oasis-mud/mud/wiz.go:1258.43,1259.40 1 0
github.com/brianseitel/oasis-mud/mud/wiz.go:1259.40,1263.25 3 0
github.com/brianseitel/oasis-mud/mud/wiz.go:1268.4,1268.60 1 0
github.com/brianseitel/oasis-mud/mud/wiz.go:1263.25,1265.5 1 0
github.com/brianseitel/oasis-mud/mud/wiz.go:1265.5,1265.27 1 0
github.com/brianseitel/oasis-mud/mud/wiz.go:1265.27,1267.5 1 0
github.com/brianseitel/oasis-mud/mud/wiz.go:1273.16,1275.3 1 0
github.com/brianseitel/oasis-mud/mud/wiz.go:1280.46,1283.52 3 0
github.com/brianseitel/oasis-mud/mud/wiz.go:1295.2,1295.16 1 0
github.com/brianseitel/oasis-mud/mud/wiz.go:1283.52,1285.52 2 0
github.com/brianseitel/oasis-mud/mud/wiz.go:1285.52,1288.18 3 0
github.com/brianseitel/oasis-mud/mud/wiz.go:1288.18,1291.5 2 0
github.com/brianseitel/oasis-mud/mud/wiz.go:1295.16,1297.3 1 0
github.com/brianseitel/oasis-mud/mud/wiz.go:1300.43,1303.24 2 0
github.com/brianseitel/oasis-mud/mud/wiz.go:1303.24,1305.3 1 0
github.com/brianseitel/oasis-mud/mud/wiz.go:1305.3,1307.3 1 0
github.com/brianseitel/oasis-mud/mud/mob_magic.go:8.43,16.16 6 0
github.com/brianseitel/oasis-mud/mud/mob_magic.go:21.2,22.18 2 0
github.com/brianseitel/oasis-mud/mud/mob_magic.go:27.2,28.21 2 0
github.com/brianseitel/oasis-mud/mud/mob_magic.go:33.2,35.28 2 0
github.com/brianseitel/oasis-mud/mud/mob_magic.go:91.2,91.43 1 0
github.com/brianseitel/oasis-mud/mud/mob_magic.go:96.2,96.60 1 0
github.com/brianseitel/oasis-mud/mud/mob_magic.go:104.2,104.8 1 0
github.com/brianseitel/oasis-mud/mud/mob_magic.go:16.16,19.3 2 0
github.com/brianseitel/oasis-mud/mud/mob_magic.go:22.18,25.3 2 0
github.com/brianseitel/oasis-mud/mud/mob_magic.go:28.21,30.3 1 0
github.com/brianseitel/oasis-mud/mud/mob_magic.go:36.2,37.8 1 0
github.com/brianseitel/oasis-mud/mud/mob_magic.go:39.2,40.17 1 0
github.com/brianseitel/oasis-mud/mud/mob_magic.go:45.3,45.40 1 0
github.com/brianseitel/oasis-mud/mud/mob_magic.go:52.3,52.20 1 0
github.com/brianseitel/oasis-mud/mud/mob_magic.go:57.3,57.23 1 0
github.com/brianseitel/oasis-mud/mud/mob_magic.go:61.3,61.8 1 0
github.com/brianseitel/oasis-mud/mud/mob_magic.go:63.2,64.17 1 0
github.com/brianseitel/oasis-mud/mud/mob_magic.go:74.3,74.8 1 0
github.com/brianseitel/oasis-mud/mud/mob_magic.go:76.2,77.17 1 0
github.com/brianseitel/oasis-mud/mud/mob_magic.go:81.3,82.8 2 0
github.com/brianseitel/oasis-mud/mud/mob_magic.go:84.2,85.8 1 0
github.com/brianseitel/oasis-mud/mud/mob_magic.go:87.2,88.62 1 0
github.com/brianseitel/oasis-mud/mud/mob_magic.go:40.17,43.4 2 0
github.com/brianseitel/oasis-mud/mud/mob_magic.go:45.40,46.41 1 0
github.com/brianseitel/oasis-mud/mud/mob_magic.go:46.41,48.10 2 0
github.com/brianseitel/oasis-mud/mud/mob_magic.go:52.20,55.4 2 0
github.com/brianseitel/oasis-mud/mud/mob_magic.go:57.23,60.4 2 0
github.com/brianseitel/oasis-mud/mud/mob_magic.go:64.17,66.4 1 0
github.com/brianseitel/oasis-mud/mud/mob_magic.go:66.4,67.41 1 0
github.com/brianseitel/oasis-mud/mud/mob_magic.go:67.41,68.42 1 0
github.com/brianseitel/oasis-mud/mud/mob_magic.go:68.42,70.11 2 0
github.com/brianseitel/oasis-mud/mud/mob_magic.go:77.17,80.4 2 0
github.com/brianseitel/oasis-mud/mud/mob_magic.go:91.43,94.3 2 0
github.com/brianseitel/oasis-mud/mud/mob_magic.go:96.60,99.3 2 0
github.com/brianseitel/oasis-mud/mud/mob_magic.go:99.3,102.3 2 0
github.com/brianseitel/oasis-mud/mud/affect.go:63.55,68.9 3 1
github.com/brianseitel/oasis-mud/mud/affect.go:82.2,82.20 1 1
github.com/brianseitel/oasis-mud/mud/affect.go:86.2,86.22 1 1
github.com/brianseitel/oasis-mud/mud/affect.go:141.2,141.8 1 1
github.com/brianseitel/oasis-mud/mud/affect.go:68.9,71.3 2 1
github.com/brianseitel/oasis-mud/mud/affect.go:71.3,72.38 1 1
github.com/brianseitel/oasis-mud/mud/affect.go:72.38,73.18 1 1
github.com/brianseitel/oasis-mud/mud/affect.go:73.18,78.5 4 1
github.com/brianseitel/oasis-mud/mud/affect.go:82.20,84.3 1 1
github.com/brianseitel/oasis-mud/mud/affect.go:87.2,89.9 2 1
github.com/brianseitel/oasis-mud/mud/affect.go:91.2,91.16 0 1
github.com/brianseitel/oasis-mud/mud/affect.go:92.2,92.18 0 1
github.com/brianseitel/oasis-mud/mud/affect.go:93.2,93.18 0 1
github.com/brianseitel/oasis-mud/mud/affect.go:94.2,94.17 0 1
github.com/brianseitel/oasis-mud/mud/affect.go:95.2,95.16 0 1
github.com/brianseitel/oasis-mud/mud/affect.go:96.2,96.28 0 1
github.com/brianseitel/oasis-mud/mud/affect.go:97.2,97.22 0 1
github.com/brianseitel/oasis-mud/mud/affect.go:98.2,98.26 0 1
github.com/brianseitel/oasis-mud/mud/affect.go:99.2,99.25 0 1
github.com/brianseitel/oasis-mud/mud/affect.go:100.2,100.24 0 1
github.com/brianseitel/oasis-mud/mud/affect.go:101.2,102.8 1 1
github.com/brianseitel/oasis-mud/mud/affect.go:103.2,105.8 2 1
github.com/brianseitel/oasis-mud/mud/affect.go:106.2,108.8 2 1
github.com/brianseitel/oasis-mud/mud/affect.go:109.2,111.8 2 1
github.com/brianseitel/oasis-mud/mud/affect.go:112.2,114.8 2 1
github.com/brianseitel/oasis-mud/mud/affect.go:115.2,117.8 2 1
github.com/brianseitel/oasis-mud/mud/affect.go:118.2,120.8 2 1
github.com/brianseitel/oasis-mud/mud/affect.go:121.2,123.8 2 1
github.com/brianseitel/oasis-mud/mud/affect.go:124.2,126.8 2 1
github.com/brianseitel/oasis-mud/mud/affect.go:127.2,129.8 2 1
github.com/brianseitel/oasis-mud/mud/affect.go:130.2,132.8 2 1
github.com/brianseitel/oasis-mud/mud/affect.go:133.2,135.8 2 1
github.com/brianseitel/oasis-mud/mud/affect.go:136.2,138.8 2 1
github.com/brianseitel/oasis-mud/mud/affect.go:144.48,145.40 1 1
github.com/brianseitel/oasis-mud/mud/affect.go:150.2,150.14 1 1
github.com/brianseitel/oasis-mud/mud/affect.go:145.40,146.64 1 1
github.com/brianseitel/oasis-mud/mud/affect.go:146.64,148.4 1 1
github.com/brianseitel/oasis-mud/mud/room.go:60.29,61.31 1 1
github.com/brianseitel/oasis-mud/mud/room.go:61.31,62.23 1 1
github.com/brianseitel/oasis-mud/mud/room.go:66.3,66.22 1 1
github.com/brianseitel/oasis-mud/mud/room.go:75.3,75.15 1 1
github.com/brianseitel/oasis-mud/mud/room.go:62.23,63.12 1 1
github.com/brianseitel/oasis-mud/mud/room.go:66.22,68.29 2 1
github.com/brianseitel/oasis-mud/mud/room.go:73.4,73.9 1 1
github.com/brianseitel/oasis-mud/mud/room.go:68.29,69.26 1 1
github.com/brianseitel/oasis-mud/mud/room.go:69.26,71.6 1 1
github.com/brianseitel/oasis-mud/mud/room.go:79.28,80.52 1 1
github.com/brianseitel/oasis-mud/mud/room.go:86.2,86.12 1 1
github.com/brianseitel/oasis-mud/mud/room.go:80.52,82.17 2 1
github.com/brianseitel/oasis-mud/mud/room.go:82.17,84.4 1 1
github.com/brianseitel/oasis-mud/mud/room.go:89.33,90.57 1 1
github.com/brianseitel/oasis-mud/mud/room.go:96.2,96.12 1 1
github.com/brianseitel/oasis-mud/mud/room.go:90.57,92.17 2 1
github.com/brianseitel/oasis-mud/mud/room.go:92.17,94.4 1 1
github.com/brianseitel/oasis-mud/mud/room.go:99.31,100.56 1 1
github.com/brianseitel/oasis-mud/mud/room.go:106.2,106.12 1 1
github.com/brianseitel/oasis-mud/mud/room.go:100.56,102.17 2 1
github.com/brianseitel/oasis-mud/mud/room.go:102.17,104.4 1 1
github.com/brianseitel/oasis-mud/mud/room.go:109.30,110.17 1 1
github.com/brianseitel/oasis-mud/mud/room.go:114.2,114.35 1 1
github.com/brianseitel/oasis-mud/mud/room.go:118.2,118.64 1 1
github.com/brianseitel/oasis-mud/mud/room.go:122.2,122.14 1 1
github.com/brianseitel/oasis-mud/mud/room.go:110.17,112.3 1 1
github.com/brianseitel/oasis-mud/mud/room.go:114.35,116.3 1 1
github.com/brianseitel/oasis-mud/mud/room.go:118.64,120.3 1 1
github.com/brianseitel/oasis-mud/mud/room.go:125.33,128.52 2 1
github.com/brianseitel/oasis-mud/mud/room.go:132.2,132.53 1 1
github.com/brianseitel/oasis-mud/mud/room.go:136.2,136.14 1 1
github.com/brianseitel/oasis-mud/mud/room.go:128.52,130.3 1 1
github.com/brianseitel/oasis-mud/mud/room.go:132.53,134.3 1 1
github.com/brianseitel/oasis-mud/mud/room.go:139.52,140.29 1 1
github.com/brianseitel/oasis-mud/mud/room.go:140.29,141.20 1 1
github.com/brianseitel/oasis-mud/mud/room.go:141.20,143.4 1 1
github.com/brianseitel/oasis-mud/mud/room.go:147.34,148.29 1 1
github.com/brianseitel/oasis-mud/mud/room.go:148.29,149.15 1 1
github.com/brianseitel/oasis-mud/mud/room.go:149.15,151.9 2 1
github.com/brianseitel/oasis-mud/mud/room.go:156.38,157.31 1 1
github.com/brianseitel/oasis-mud/mud/room.go:157.31,158.16 1 1
github.com/brianseitel/oasis-mud/mud/room.go:158.16,161.4 2 1
github.com/brianseitel/oasis-mud/mud/room.go:165.39,167.28 2 1
github.com/brianseitel/oasis-mud/mud/room.go:171.2,171.81 1 1
github.com/brianseitel/oasis-mud/mud/room.go:167.28,169.3 1 1
github.com/brianseitel/oasis-mud/mud/room.go:174.43,176.68 2 1
github.com/brianseitel/oasis-mud/mud/room.go:192.2,192.28 1 1
github.com/brianseitel/oasis-mud/mud/room.go:198.2,198.12 1 1
github.com/brianseitel/oasis-mud/mud/room.go:176.68,178.3 1 1
github.com/brianseitel/oasis-mud/mud/room.go:178.3,178.74 1 1
github.com/brianseitel/oasis-mud/mud/room.go:178.74,180.3 1 1
github.com/brianseitel/oasis-mud/mud/room.go:180.3,180.75 1 1
github.com/brianseitel/oasis-mud/mud/room.go:180.75,182.3 1 1
github.com/brianseitel/oasis-mud/mud/room.go:182.3,182.74 1 1
github.com/brianseitel/oasis-mud/mud/room.go:182.74,184.3 1 1
github.com/brianseitel/oasis-mud/mud/room.go:184.3,184.72 1 1
github.com/brianseitel/oasis-mud/mud/room.go:184.72,186.3 1 1
github.com/brianseitel/oasis-mud/mud/room.go:186.3,186.74 1 1
github.com/brianseitel/oasis-mud/mud/room.go:186.74,188.3 1 1
github.com/brianseitel/oasis-mud/mud/room.go:188.3,190.3 1 1
github.com/brianseitel/oasis-mud/mud/room.go:192.28,193.20 1 1
github.com/brianseitel/oasis-mud/mud/room.go:193.20,195.4 1 1
github.com/brianseitel/oasis-mud/mud/shop.go:15.54,16.45 1 1
github.com/brianseitel/oasis-mud/mud/shop.go:19.2,22.9 3 1
github.com/brianseitel/oasis-mud/mud/shop.go:42.2,42.13 1 1
github.com/brianseitel/oasis-mud/mud/shop.go:16.45,18.3 1 1
github.com/brianseitel/oasis-mud/mud/shop.go:22.9,24.3 1 1
github.com/brianseitel/oasis-mud/mud/shop.go:24.3,27.33 2 1
github.com/brianseitel/oasis-mud/mud/shop.go:34.3,34.38 1 1
github.com/brianseitel/oasis-mud/mud/shop.go:27.33,28.40 1 1
github.com/brianseitel/oasis-mud/mud/shop.go:28.40,30.10 2 1
github.com/brianseitel/oasis-mud/mud/shop.go:34.38,35.35 1 1
github.com/brianseitel/oasis-mud/mud/shop.go:35.35,37.10 2 1
github.com/brianseitel/oasis-mud/mud/shop.go:46.36,48.2 1 1
github.com/brianseitel/oasis-mud/mud/shop.go:51.36,53.2 1 1
github.com/brianseitel/oasis-mud/mud/skill.go:31.30,32.53 1 1
github.com/brianseitel/oasis-mud/mud/skill.go:39.2,39.12 1 1
github.com/brianseitel/oasis-mud/mud/skill.go:32.53,34.17 2 1
github.com/brianseitel/oasis-mud/mud/skill.go:34.17,36.4 1 1
github.com/brianseitel/oasis-mud/mud/skill.go:42.41,43.53 1 1
github.com/brianseitel/oasis-mud/mud/skill.go:50.2,50.12 1 1
github.com/brianseitel/oasis-mud/mud/skill.go:43.53,45.21 2 1
github.com/brianseitel/oasis-mud/mud/skill.go:45.21,47.4 1 1
github.com/brianseitel/oasis-mud/mud/helpers.go:10.26,12.2 1 0
github.com/brianseitel/oasis-mud/mud/helpers.go:14.24,17.2 2 0
github.com/brianseitel/oasis-mud/mud/helpers.go:19.41,20.22 1 1
github.com/brianseitel/oasis-mud/mud/helpers.go:24.2,24.22 1 1
github.com/brianseitel/oasis-mud/mud/helpers.go:28.2,28.17 1 1
github.com/brianseitel/oasis-mud/mud/helpers.go:20.22,22.3 1 1
github.com/brianseitel/oasis-mud/mud/helpers.go:24.22,26.3 1 1
github.com/brianseitel/oasis-mud/mud/helpers.go:31.49,32.62 1 1
github.com/brianseitel/oasis-mud/mud/helpers.go:38.2,38.14 1 1
github.com/brianseitel/oasis-mud/mud/helpers.go:32.62,33.30 1 1
github.com/brianseitel/oasis-mud/mud/helpers.go:33.30,35.4 1 1
github.com/brianseitel/oasis-mud/mud/helpers.go:41.71,47.2 4 1
github.com/brianseitel/oasis-mud/mud/mob_shop.go:8.42,9.24 1 0
github.com/brianseitel/oasis-mud/mud/mob_shop.go:14.2,14.48 1 0
github.com/brianseitel/oasis-mud/mud/mob_shop.go:9.24,12.3 2 0
github.com/brianseitel/oasis-mud/mud/mob_shop.go:14.48,16.3 0 0
github.com/brianseitel/oasis-mud/mud/mob_shop.go:16.3,18.20 2 0
github.com/brianseitel/oasis-mud/mud/mob_shop.go:22.3,24.17 2 0
github.com/brianseitel/oasis-mud/mud/mob_shop.go:29.3,30.43 2 0
github.com/brianseitel/oasis-mud/mud/mob_shop.go:35.3,35.25 1 0
github.com/brianseitel/oasis-mud/mud/mob_shop.go:41.3,41.31 1 0
github.com/brianseitel/oasis-mud/mud/mob_shop.go:46.3,46.42 1 0
github.com/brianseitel/oasis-mud/mud/mob_shop.go:51.3,51.60 1 0
github.com/brianseitel/oasis-mud/mud/mob_shop.go:56.3,62.44 6 0
github.com/brianseitel/oasis-mud/mud/mob_shop.go:69.3,69.23 1 0
github.com/brianseitel/oasis-mud/mud/mob_shop.go:18.20,20.4 1 0
github.com/brianseitel/oasis-mud/mud/mob_shop.go:24.17,27.4 2 0
github.com/brianseitel/oasis-mud/mud/mob_shop.go:30.43,33.4 2 0
github.com/brianseitel/oasis-mud/mud/mob_shop.go:35.25,39.4 3 0
github.com/brianseitel/oasis-mud/mud/mob_shop.go:41.31,44.4 2 0
github.com/brianseitel/oasis-mud/mud/mob_shop.go:46.42,49.4 2 0
github.com/brianseitel/oasis-mud/mud/mob_shop.go:51.60,54.4 2 0
github.com/brianseitel/oasis-mud/mud/mob_shop.go:62.44,65.4 2 0
github.com/brianseitel/oasis-mud/mud/mob_shop.go:65.4,68.4 2 0
github.com/brianseitel/oasis-mud/mud/mob_shop.go:73.38,76.37 2 0
github.com/brianseitel/oasis-mud/mud/mob_shop.go:83.2,83.19 1 0
github.com/brianseitel/oasis-mud/mud/mob_shop.go:88.2,90.18 2 0
github.com/brianseitel/oasis-mud/mud/mob_shop.go:95.2,95.26 1 0
github.com/brianseitel/oasis-mud/mud/mob_shop.go:100.2,100.26 1 0
github.com/brianseitel/oasis-mud/mud/mob_shop.go:105.2,105.28 1 0
github.com/brianseitel/oasis-mud/mud/mob_shop.go:110.2,110.15 1 0
github.com/brianseitel/oasis-mud/mud/mob_shop.go:76.37,77.39 1 0
github.com/brianseitel/oasis-mud/mud/mob_shop.go:77.39,79.9 2 0
github.com/brianseitel/oasis-mud/mud/mob_shop.go:83.19,86.3 2 0
github.com/brianseitel/oasis-mud/mud/mob_shop.go:90.18,93.3 2 0
github.com/brianseitel/oasis-mud/mud/mob_shop.go:95.26,98.3 2 0
github.com/brianseitel/oasis-mud/mud/mob_shop.go:100.26,103.3 2 0
github.com/brianseitel/oasis-mud/mud/mob_shop.go:105.28,108.3 2 0
github.com/brianseitel/oasis-mud/mud/mob_shop.go:113.43,115.48 1 0
github.com/brianseitel/oasis-mud/mud/mob_shop.go:115.48,117.3 0 0
github.com/brianseitel/oasis-mud/mud/mob_shop.go:117.3,119.20 2 0
github.com/brianseitel/oasis-mud/mud/mob_shop.go:124.3,129.38 4 0
github.com/brianseitel/oasis-mud/mud/mob_shop.go:140.3,141.38 2 0
github.com/brianseitel/oasis-mud/mud/mob_shop.go:163.3,163.13 1 0
github.com/brianseitel/oasis-mud/mud/mob_shop.go:170.3,170.9 1 0
github.com/brianseitel/oasis-mud/mud/mob_shop.go:119.20,122.4 2 0
github.com/brianseitel/oasis-mud/mud/mob_shop.go:129.38,130.34 1 0
github.com/brianseitel/oasis-mud/mud/mob_shop.go:133.4,133.42 1 0
github.com/brianseitel/oasis-mud/mud/mob_shop.go:130.34,131.13 1 0
github.com/brianseitel/oasis-mud/mud/mob_shop.go:133.42,135.5 1 0
github.com/brianseitel/oasis-mud/mud/mob_shop.go:135.5,137.5 1 0
github.com/brianseitel/oasis-mud/mud/mob_shop.go:141.38,143.124 2 0
github.com/brianseitel/oasis-mud/mud/mob_shop.go:143.124,144.15 1 0
github.com/brianseitel/oasis-mud/mud/mob_shop.go:150.5,150.38 1 0
github.com/brianseitel/oasis-mud/mud/mob_shop.go:154.5,155.16 2 0
github.com/brianseitel/oasis-mud/mud/mob_shop.go:159.5,159.28 1 0
github.com/brianseitel/oasis-mud/mud/mob_shop.go:144.15,148.6 2 0
github.com/brianseitel/oasis-mud/mud/mob_shop.go:150.38,151.14 1 0
github.com/brianseitel/oasis-mud/mud/mob_shop.go:155.16,157.6 1 0
github.com/brianseitel/oasis-mud/mud/mob_shop.go:163.13,164.26 1 0
github.com/brianseitel/oasis-mud/mud/mob_shop.go:164.26,166.5 1 0
github.com/brianseitel/oasis-mud/mud/mob_shop.go:166.5,168.5 1 0
github.com/brianseitel/oasis-mud/mud/mob_shop.go:174.43,175.23 1 0
github.com/brianseitel/oasis-mud/mud/mob_shop.go:180.2,181.19 2 0
github.com/brianseitel/oasis-mud/mud/mob_shop.go:185.2,188.16 3 0
github.com/brianseitel/oasis-mud/mud/mob_shop.go:194.2,194.30 1 0
github.com/brianseitel/oasis-mud/mud/mob_shop.go:199.2,200.15 2 0
github.com/brianseitel/oasis-mud/mud/mob_shop.go:205.2,207.15 3 0
github.com/brianseitel/oasis-mud/mud/mob_shop.go:210.2,215.22 4 0
github.com/brianseitel/oasis-mud/mud/mob_shop.go:219.2,219.31 1 0
github.com/brianseitel/oasis-mud/mud/mob_shop.go:175.23,178.3 2 0
github.com/brianseitel/oasis-mud/mud/mob_shop.go:181.19,183.3 1 0
github.com/brianseitel/oasis-mud/mud/mob_shop.go:188.16,192.3 3 0
github.com/brianseitel/oasis-mud/mud/mob_shop.go:194.30,197.3 2 0
github.com/brianseitel/oasis-mud/mud/mob_shop.go:200.15,203.3 2 0
github.com/brianseitel/oasis-mud/mud/mob_shop.go:207.15,209.3 1 0
github.com/brianseitel/oasis-mud/mud/mob_shop.go:215.22,217.3 1 0
github.com/brianseitel/oasis-mud/mud/mob_shop.go:219.31,221.3 1 0
github.com/brianseitel/oasis-mud/mud/mob_shop.go:221.3,225.3 3 0
github.com/brianseitel/oasis-mud/mud/mob_shop.go:228.44,229.23 1 0
github.com/brianseitel/oasis-mud/mud/mob_shop.go:234.2,236.19 2 0
github.com/brianseitel/oasis-mud/mud/mob_shop.go:240.2,242.37 3 0
github.com/brianseitel/oasis-mud/mud/mob_shop.go:249.2,249.16 1 0
github.com/brianseitel/oasis-mud/mud/mob_shop.go:255.2,255.30 1 0
github.com/brianseitel/oasis-mud/mud/mob_shop.go:260.2,261.15 2 0
github.com/brianseitel/oasis-mud/mud/mob_shop.go:266.2,270.8 4 0
github.com/brianseitel/oasis-mud/mud/mob_shop.go:229.23,232.3 2 0
github.com/brianseitel/oasis-mud/mud/mob_shop.go:236.19,238.3 1 0
github.com/brianseitel/oasis-mud/mud/mob_shop.go:242.37,243.35 1 0
github.com/brianseitel/oasis-mud/mud/mob_shop.go:243.35,245.9 2 0
github.com/brianseitel/oasis-mud/mud/mob_shop.go:249.16,253.3 3 0
github.com/brianseitel/oasis-mud/mud/mob_shop.go:255.30,258.3 2 0
github.com/brianseitel/oasis-mud/mud/mob_shop.go:261.15,264.3 2 0
github.com/brianseitel/oasis-mud/mud/reset.go:53.26,56.53 2 0
github.com/brianseitel/oasis-mud/mud/reset.go:64.2,64.18 1 0
github.com/brianseitel/oasis-mud/mud/reset.go:69.2,69.32 1 0
github.com/brianseitel/oasis-mud/mud/reset.go:105.2,105.33 1 0
github.com/brianseitel/oasis-mud/mud/reset.go:134.2,134.38 1 0
github.com/brianseitel/oasis-mud/mud/reset.go:198.2,198.45 1 0
github.com/brianseitel/oasis-mud/mud/reset.go:249.2,249.32 1 0
github.com/brianseitel/oasis-mud/mud/reset.go:56.53,58.24 2 0
github.com/brianseitel/oasis-mud/mud/reset.go:58.24,60.9 2 0
github.com/brianseitel/oasis-mud/mud/reset.go:64.18,66.3 1 0
github.com/brianseitel/oasis-mud/mud/reset.go:69.32,71.22 2 0
github.com/brianseitel/oasis-mud/mud/reset.go:75.3,77.23 2 0
github.com/brianseitel/oasis-mud/mud/reset.go:81.3,82.36 2 0
github.com/brianseitel/oasis-mud/mud/reset.go:88.3,88.11 1 0
github.com/brianseitel/oasis-mud/mud/reset.go:93.3,95.25 2 0
github.com/brianseitel/oasis-mud/mud/reset.go:99.3,101.37 3 0
github.com/brianseitel/oasis-mud/mud/reset.go:71.22,72.12 1 0
github.com/brianseitel/oasis-mud/mud/reset.go:77.23,78.12 1 0
github.com/brianseitel/oasis-mud/mud/reset.go:82.36,83.33 1 0
github.com/brianseitel/oasis-mud/mud/reset.go:83.33,85.5 1 0
github.com/brianseitel/oasis-mud/mud/reset.go:88.11,90.12 1 0
github.com/brianseitel/oasis-mud/mud/reset.go:95.25,97.4 1 0
github.com/brianseitel/oasis-mud/mud/reset.go:105.33,109.31 3 0
github.com/brianseitel/oasis-mud/mud/reset.go:113.3,114.33 2 0
github.com/brianseitel/oasis-mud/mud/reset.go:121.3,121.13 1 0
github.com/brianseitel/oasis-mud/mud/reset.go:125.3,128.42 4 0
github.com/brianseitel/oasis-mud/mud/reset.go:109.31,110.12 1 0
github.com/brianseitel/oasis-mud/mud/reset.go:114.33,115.28 1 0
github.com/brianseitel/oasis-mud/mud/reset.go:115.28,117.10 2 0
github.com/brianseitel/oasis-mud/mud/reset.go:121.13,122.12 1 0
github.com/brianseitel/oasis-mud/mud/reset.go:134.38,139.43 4 0
github.com/brianseitel/oasis-mud/mud/reset.go:143.3,144.20 2 0
github.com/brianseitel/oasis-mud/mud/reset.go:172.3,172.32 1 0
github.com/brianseitel/oasis-mud/mud/reset.go:139.43,140.12 1 0
github.com/brianseitel/oasis-mud/mud/reset.go:144.20,146.23 1 0
github.com/brianseitel/oasis-mud/mud/reset.go:147.4,149.10 2 0
github.com/brianseitel/oasis-mud/mud/reset.go:150.4,152.10 2 0
github.com/brianseitel/oasis-mud/mud/reset.go:153.4,155.10 2 0
github.com/brianseitel/oasis-mud/mud/reset.go:156.4,158.10 2 0
github.com/brianseitel/oasis-mud/mud/reset.go:159.4,161.10 2 0
github.com/brianseitel/oasis-mud/mud/reset.go:162.4,164.10 2 0
github.com/brianseitel/oasis-mud/mud/reset.go:165.4,165.20 0 0
github.com/brianseitel/oasis-mud/mud/reset.go:166.4,168.10 2 0
github.com/brianseitel/oasis-mud/mud/reset.go:172.32,173.27 1 0
github.com/brianseitel/oasis-mud/mud/reset.go:173.27,176.36 2 0
github.com/brianseitel/oasis-mud/mud/reset.go:182.5,184.19 2 0
github.com/brianseitel/oasis-mud/mud/reset.go:188.5,188.32 1 0
github.com/brianseitel/oasis-mud/mud/reset.go:176.36,177.29 1 0
github.com/brianseitel/oasis-mud/mud/reset.go:177.29,179.7 1 0
github.com/brianseitel/oasis-mud/mud/reset.go:184.19,185.14 1 0
github.com/brianseitel/oasis-mud/mud/reset.go:188.32,192.6 3 0
github.com/brianseitel/oasis-mud/mud/reset.go:198.45,203.43 4 0
github.com/brianseitel/oasis-mud/mud/reset.go:207.3,208.20 2 0
github.com/brianseitel/oasis-mud/mud/reset.go:236.3,239.32 3 0
github.com/brianseitel/oasis-mud/mud/reset.go:203.43,204.12 1 0
github.com/brianseitel/oasis-mud/mud/reset.go:208.20,210.23 1 0
github.com/brianseitel/oasis-mud/mud/reset.go:211.4,213.10 2 0
github.com/brianseitel/oasis-mud/mud/reset.go:214.4,216.10 2 0
github.com/brianseitel/oasis-mud/mud/reset.go:217.4,219.10 2 0
github.com/brianseitel/oasis-mud/mud/reset.go:220.4,222.10 2 0
github.com/brianseitel/oasis-mud/mud/reset.go:223.4,225.10 2 0
github.com/brianseitel/oasis-mud/mud/reset.go:226.4,228.10 2 0
github.com/brianseitel/oasis-mud/mud/reset.go:229.4,229.20 0 0
github.com/brianseitel/oasis-mud/mud/reset.go:230.4,232.10 2 0
github.com/brianseitel/oasis-mud/mud/reset.go:239.32,240.27 1 0
github.com/brianseitel/oasis-mud/mud/reset.go:240.27,244.10 4 0
github.com/brianseitel/oasis-mud/mud/reset.go:249.32,251.18 2 0
github.com/brianseitel/oasis-mud/mud/reset.go:255.3,255.32 1 0
github.com/brianseitel/oasis-mud/mud/reset.go:251.18,252.12 1 0
github.com/brianseitel/oasis-mud/mud/reset.go:255.32,256.28 1 0
github.com/brianseitel/oasis-mud/mud/reset.go:256.28,257.20 1 0
github.com/brianseitel/oasis-mud/mud/reset.go:258.5,261.11 3 0
github.com/brianseitel/oasis-mud/mud/reset.go:262.5,265.11 3 0
github.com/brianseitel/oasis-mud/mud/reset.go:266.5,269.11 3 0
github.com/brianseitel/oasis-mud/mud/save.go:104.36,106.23 1 1
github.com/brianseitel/oasis-mud/mud/save.go:110.2,110.65 1 1
github.com/brianseitel/oasis-mud/mud/save.go:114.2,117.8 3 1
github.com/brianseitel/oasis-mud/mud/save.go:106.23,108.3 1 0
github.com/brianseitel/oasis-mud/mud/save.go:110.65,112.3 1 0
github.com/brianseitel/oasis-mud/mud/save.go:120.50,132.27 11 1
github.com/brianseitel/oasis-mud/mud/save.go:137.2,149.34 11 1
github.com/brianseitel/oasis-mud/mud/save.go:155.2,161.24 6 1
github.com/brianseitel/oasis-mud/mud/save.go:181.2,182.39 2 1
github.com/brianseitel/oasis-mud/mud/save.go:195.2,209.16 9 1
github.com/brianseitel/oasis-mud/mud/save.go:213.2,213.8 1 1
github.com/brianseitel/oasis-mud/mud/save.go:132.27,134.3 1 1
github.com/brianseitel/oasis-mud/mud/save.go:134.3,136.3 1 0
github.com/brianseitel/oasis-mud/mud/save.go:149.34,151.3 1 0
github.com/brianseitel/oasis-mud/mud/save.go:151.3,153.3 1 1
github.com/brianseitel/oasis-mud/mud/save.go:161.24,169.39 7 1
github.com/brianseitel/oasis-mud/mud/save.go:177.3,177.23 1 1
github.com/brianseitel/oasis-mud/mud/save.go:169.39,176.4 4 1
github.com/brianseitel/oasis-mud/mud/save.go:182.39,183.27 1 0
github.com/brianseitel/oasis-mud/mud/save.go:187.3,193.36 7 0
github.com/brianseitel/oasis-mud/mud/save.go:183.27,184.12 1 0
github.com/brianseitel/oasis-mud/mud/save.go:209.16,210.13 1 0
github.com/brianseitel/oasis-mud/mud/save.go:216.58,218.26 2 1
github.com/brianseitel/oasis-mud/mud/save.go:268.2,268.16 1 1
github.com/brianseitel/oasis-mud/mud/save.go:218.26,219.85 1 0
github.com/brianseitel/oasis-mud/mud/save.go:223.3,233.33 9 0
github.com/brianseitel/oasis-mud/mud/save.go:246.3,260.21 13 0
github.com/brianseitel/oasis-mud/mud/save.go:264.3,266.34 2 0
github.com/brianseitel/oasis-mud/mud/save.go:219.85,220.12 1 0
github.com/brianseitel/oasis-mud/mud/save.go:233.33,234.28 1 0
github.com/brianseitel/oasis-mud/mud/save.go:238.4,244.37 7 0
github.com/brianseitel/oasis-mud/mud/save.go:234.28,235.13 1 0
github.com/brianseitel/oasis-mud/mud/save.go:260.21,262.4 1 0
github.com/brianseitel/oasis-mud/mud/dice.go:8.16,10.2 1 1
github.com/brianseitel/oasis-mud/mud/dice.go:12.22,14.2 1 1
github.com/brianseitel/oasis-mud/mud/dice.go:16.24,18.2 1 1
github.com/brianseitel/oasis-mud/mud/dice.go:20.28,22.2 1 1
github.com/brianseitel/oasis-mud/mud/interpreter.go:14.46,17.24 2 1
github.com/brianseitel/oasis-mud/mud/interpreter.go:21.2,22.52 2 1
github.com/brianseitel/oasis-mud/mud/interpreter.go:30.2,33.57 2 1
github.com/brianseitel/oasis-mud/mud/interpreter.go:38.2,44.55 5 1
github.com/brianseitel/oasis-mud/mud/interpreter.go:54.2,54.12 1 1
github.com/brianseitel/oasis-mud/mud/interpreter.go:63.2,63.33 1 1
github.com/brianseitel/oasis-mud/mud/interpreter.go:86.2,87.8 2 1
github.com/brianseitel/oasis-mud/mud/interpreter.go:17.24,19.3 1 0
github.com/brianseitel/oasis-mud/mud/interpreter.go:22.52,27.3 4 0
github.com/brianseitel/oasis-mud/mud/interpreter.go:33.57,36.3 2 0
github.com/brianseitel/oasis-mud/mud/interpreter.go:44.55,46.58 2 1
github.com/brianseitel/oasis-mud/mud/interpreter.go:46.58,49.9 3 1
github.com/brianseitel/oasis-mud/mud/interpreter.go:54.12,56.46 1 0
github.com/brianseitel/oasis-mud/mud/interpreter.go:59.3,59.9 1 0
github.com/brianseitel/oasis-mud/mud/interpreter.go:56.46,58.4 1 0
github.com/brianseitel/oasis-mud/mud/interpreter.go:63.33,64.24 1 1
github.com/brianseitel/oasis-mud/mud/interpreter.go:83.3,83.9 1 1
github.com/brianseitel/oasis-mud/mud/interpreter.go:65.3,67.9 2 0
github.com/brianseitel/oasis-mud/mud/interpreter.go:68.3,68.15 0 1
github.com/brianseitel/oasis-mud/mud/interpreter.go:69.3,71.9 2 1
github.com/brianseitel/oasis-mud/mud/interpreter.go:72.3,74.9 2 1
github.com/brianseitel/oasis-mud/mud/interpreter.go:75.3,77.9 2 0
github.com/brianseitel/oasis-mud/mud/interpreter.go:78.3,80.9 2 0
github.com/brianseitel/oasis-mud/mud/interpreter.go:90.52,92.21 2 1
github.com/brianseitel/oasis-mud/mud/interpreter.go:96.2,96.47 1 1
github.com/brianseitel/oasis-mud/mud/interpreter.go:92.21,94.3 1 1
github.com/brianseitel/oasis-mud/mud/item.go:215.46,217.2 1 1
github.com/brianseitel/oasis-mud/mud/item.go:219.47,221.2 1 1
github.com/brianseitel/oasis-mud/mud/item.go:223.35,225.2 1 1
github.com/brianseitel/oasis-mud/mud/item.go:227.38,229.2 1 1
github.com/brianseitel/oasis-mud/mud/item.go:231.46,232.36 1 1
github.com/brianseitel/oasis-mud/mud/item.go:232.36,233.19 1 1
github.com/brianseitel/oasis-mud/mud/item.go:233.19,236.4 2 1
github.com/brianseitel/oasis-mud/mud/item.go:240.39,243.39 2 1
github.com/brianseitel/oasis-mud/mud/item.go:246.2,246.47 1 1
github.com/brianseitel/oasis-mud/mud/item.go:249.2,249.49 1 1
github.com/brianseitel/oasis-mud/mud/item.go:252.2,252.59 1 1
github.com/brianseitel/oasis-mud/mud/item.go:255.2,255.51 1 1
github.com/brianseitel/oasis-mud/mud/item.go:258.2,258.53 1 1
github.com/brianseitel/oasis-mud/mud/item.go:261.2,261.37 1 1
github.com/brianseitel/oasis-mud/mud/item.go:264.2,264.47 1 1
github.com/brianseitel/oasis-mud/mud/item.go:267.2,267.49 1 1
github.com/brianseitel/oasis-mud/mud/item.go:270.2,270.45 1 1
github.com/brianseitel/oasis-mud/mud/item.go:273.2,273.39 1 1
github.com/brianseitel/oasis-mud/mud/item.go:276.2,276.43 1 1
github.com/brianseitel/oasis-mud/mud/item.go:279.2,279.41 1 1
github.com/brianseitel/oasis-mud/mud/item.go:282.2,282.43 1 1
github.com/brianseitel/oasis-mud/mud/item.go:285.2,285.47 1 1
github.com/brianseitel/oasis-mud/mud/item.go:288.2,288.39 1 1
github.com/brianseitel/oasis-mud/mud/item.go:291.2,291.39 1 1
github.com/brianseitel/oasis-mud/mud/item.go:294.2,294.37 1 1
github.com/brianseitel/oasis-mud/mud/item.go:297.2,297.39 1 1
github.com/brianseitel/oasis-mud/mud/item.go:300.2,300.41 1 1
github.com/brianseitel/oasis-mud/mud/item.go:303.2,303.45 1 1
github.com/brianseitel/oasis-mud/mud/item.go:307.2,309.22 2 1
github.com/brianseitel/oasis-mud/mud/item.go:313.2,313.34 1 1
github.com/brianseitel/oasis-mud/mud/item.go:243.39,245.3 1 1
github.com/brianseitel/oasis-mud/mud/item.go:246.47,248.3 1 1
github.com/brianseitel/oasis-mud/mud/item.go:249.49,251.3 1 1
github.com/brianseitel/oasis-mud/mud/item.go:252.59,254.3 1 1
github.com/brianseitel/oasis-mud/mud/item.go:255.51,257.3 1 1
github.com/brianseitel/oasis-mud/mud/item.go:258.53,260.3 1 1
github.com/brianseitel/oasis-mud/mud/item.go:261.37,263.3 1 1
github.com/brianseitel/oasis-mud/mud/item.go:264.47,266.3 1 1
github.com/brianseitel/oasis-mud/mud/item.go:267.49,269.3 1 1
github.com/brianseitel/oasis-mud/mud/item.go:270.45,272.3 1 1
github.com/brianseitel/oasis-mud/mud/item.go:273.39,275.3 1 1
github.com/brianseitel/oasis-mud/mud/item.go:276.43,278.3 1 1
github.com/brianseitel/oasis-mud/mud/item.go:279.41,281.3 1 1
github.com/brianseitel/oasis-mud/mud/item.go:282.43,284.3 1 1
github.com/brianseitel/oasis-mud/mud/item.go:285.47,287.3 1 1
github.com/brianseitel/oasis-mud/mud/item.go:288.39,290.3 1 1
github.com/brianseitel/oasis-mud/mud/item.go:291.39,293.3 1 1
github.com/brianseitel/oasis-mud/mud/item.go:294.37,296.3 1 1
github.com/brianseitel/oasis-mud/mud/item.go:297.39,299.3 1 1
github.com/brianseitel/oasis-mud/mud/item.go:300.41,302.3 1 1
github.com/brianseitel/oasis-mud/mud/item.go:303.45,305.3 1 1
github.com/brianseitel/oasis-mud/mud/item.go:309.22,311.3 1 1
github.com/brianseitel/oasis-mud/mud/item.go:316.46,317.18 1 1
github.com/brianseitel/oasis-mud/mud/item.go:364.2,364.20 1 1
github.com/brianseitel/oasis-mud/mud/item.go:318.2,319.16 1 1
github.com/brianseitel/oasis-mud/mud/item.go:320.2,321.20 1 1
github.com/brianseitel/oasis-mud/mud/item.go:322.2,323.21 1 1
github.com/brianseitel/oasis-mud/mud/item.go:324.2,325.24 1 1
github.com/brianseitel/oasis-mud/mud/item.go:326.2,327.18 1 1
github.com/brianseitel/oasis-mud/mud/item.go:328.2,329.24 1 1
github.com/brianseitel/oasis-mud/mud/item.go:330.2,331.15 1 1
github.com/brianseitel/oasis-mud/mud/item.go:332.2,333.17 1 1
github.com/brianseitel/oasis-mud/mud/item.go:334.2,335.17 1 1
github.com/brianseitel/oasis-mud/mud/item.go:336.2,337.16 1 1
github.com/brianseitel/oasis-mud/mud/item.go:338.2,339.21 1 1
github.com/brianseitel/oasis-mud/mud/item.go:340.2,341.20 1 1
github.com/brianseitel/oasis-mud/mud/item.go:342.2,343.16 1 1
github.com/brianseitel/oasis-mud/mud/item.go:344.2,345.22 1 1
github.com/brianseitel/oasis-mud/mud/item.go:346.2,347.23 1 1
github.com/brianseitel/oasis-mud/mud/item.go:348.2,349.20 1 1
github.com/brianseitel/oasis-mud/mud/item.go:350.2,351.20 1 1
github.com/brianseitel/oasis-mud/mud/item.go:352.2,353.29 1 1
github.com/brianseitel/oasis-mud/mud/item.go:354.2,355.23 1 1
github.com/brianseitel/oasis-mud/mud/item.go:356.2,357.27 1 1
github.com/brianseitel/oasis-mud/mud/item.go:358.2,359.26 1 1
github.com/brianseitel/oasis-mud/mud/item.go:360.2,361.25 1 1
github.com/brianseitel/oasis-mud/mud/item.go:367.40,368.32 1 1
github.com/brianseitel/oasis-mud/mud/item.go:372.2,372.14 1 1
github.com/brianseitel/oasis-mud/mud/item.go:407.2,407.10 1 1
github.com/brianseitel/oasis-mud/mud/item.go:368.32,370.3 1 1
github.com/brianseitel/oasis-mud/mud/item.go:373.2,374.24 1 1
github.com/brianseitel/oasis-mud/mud/item.go:375.2,376.24 1 1
github.com/brianseitel/oasis-mud/mud/item.go:377.2,378.24 1 1
github.com/brianseitel/oasis-mud/mud/item.go:379.2,380.20 1 1
github.com/brianseitel/oasis-mud/mud/item.go:381.2,382.20 1 1
github.com/brianseitel/oasis-mud/mud/item.go:383.2,384.20 1 1
github.com/brianseitel/oasis-mud/mud/item.go:385.2,386.20 1 1
github.com/brianseitel/oasis-mud/mud/item.go:387.2,388.20 1 1
github.com/brianseitel/oasis-mud/mud/item.go:389.2,390.20 1 1
github.com/brianseitel/oasis-mud/mud/item.go:391.2,392.20 1 1
github.com/brianseitel/oasis-mud/mud/item.go:393.2,394.20 1 1
github.com/brianseitel/oasis-mud/mud/item.go:395.2,396.24 1 1
github.com/brianseitel/oasis-mud/mud/item.go:397.2,398.20 1 1
github.com/brianseitel/oasis-mud/mud/item.go:399.2,400.20 1 1
github.com/brianseitel/oasis-mud/mud/item.go:401.2,402.20 1 1
github.com/brianseitel/oasis-mud/mud/item.go:403.2,404.20 1 1
github.com/brianseitel/oasis-mud/mud/item.go:409.36,410.17 1 1
github.com/brianseitel/oasis-mud/mud/item.go:415.2,416.17 2 1
github.com/brianseitel/oasis-mud/mud/item.go:423.2,423.12 1 1
github.com/brianseitel/oasis-mud/mud/item.go:410.17,413.3 2 1
github.com/brianseitel/oasis-mud/mud/item.go:416.17,418.3 1 1
github.com/brianseitel/oasis-mud/mud/item.go:418.3,421.3 2 1
github.com/brianseitel/oasis-mud/mud/item.go:426.37,429.32 2 1
github.com/brianseitel/oasis-mud/mud/item.go:432.2,432.30 1 1
github.com/brianseitel/oasis-mud/mud/item.go:435.2,435.32 1 1
github.com/brianseitel/oasis-mud/mud/item.go:438.2,438.32 1 1
github.com/brianseitel/oasis-mud/mud/item.go:441.2,441.32 1 1
github.com/brianseitel/oasis-mud/mud/item.go:444.2,444.34 1 1
github.com/brianseitel/oasis-mud/mud/item.go:447.2,447.34 1 1
github.com/brianseitel/oasis-mud/mud/item.go:450.2,450.36 1 1
github.com/brianseitel/oasis-mud/mud/item.go:453.2,453.34 1 1
github.com/brianseitel/oasis-mud/mud/item.go:456.2,456.40 1 1
github.com/brianseitel/oasis-mud/mud/item.go:459.2,459.40 1 1
github.com/brianseitel/oasis-mud/mud/item.go:462.2,462.46 1 1
github.com/brianseitel/oasis-mud/mud/item.go:465.2,465.40 1 1
github.com/brianseitel/oasis-mud/mud/item.go:468.2,468.42 1 1
github.com/brianseitel/oasis-mud/mud/item.go:472.2,474.22 2 1
github.com/brianseitel/oasis-mud/mud/item.go:478.2,478.34 1 1
github.com/brianseitel/oasis-mud/mud/item.go:429.32,431.3 1 1
github.com/brianseitel/oasis-mud/mud/item.go:432.30,434.3 1 1
github.com/brianseitel/oasis-mud/mud/item.go:435.32,437.3 1 1
github.com/brianseitel/oasis-mud/mud/item.go:438.32,440.3 1 1
github.com/brianseitel/oasis-mud/mud/item.go:441.32,443.3 1 1
github.com/brianseitel/oasis-mud/mud/item.go:444.34,446.3 1 1
github.com/brianseitel/oasis-mud/mud/item.go:447.34,449.3 1 1
github.com/brianseitel/oasis-mud/mud/item.go:450.36,452.3 1 1
github.com/brianseitel/oasis-mud/mud/item.go:453.34,455.3 1 1
github.com/brianseitel/oasis-mud/mud/item.go:456.40,458.3 1 1
github.com/brianseitel/oasis-mud/mud/item.go:459.40,461.3 1 1
github.com/brianseitel/oasis-mud/mud/item.go:462.46,464.3 1 1
github.com/brianseitel/oasis-mud/mud/item.go:465.40,467.3 1 1
github.com/brianseitel/oasis-mud/mud/item.go:468.42,470.3 1 1
github.com/brianseitel/oasis-mud/mud/item.go:474.22,476.3 1 1
github.com/brianseitel/oasis-mud/mud/item.go:482.38,483.23 1 1
github.com/brianseitel/oasis-mud/mud/item.go:526.2,526.20 1 1
github.com/brianseitel/oasis-mud/mud/item.go:484.2,485.17 1 1
github.com/brianseitel/oasis-mud/mud/item.go:486.2,487.18 1 1
github.com/brianseitel/oasis-mud/mud/item.go:488.2,489.16 1 1
github.com/brianseitel/oasis-mud/mud/item.go:490.2,491.17 1 1
github.com/brianseitel/oasis-mud/mud/item.go:492.2,493.18 1 1
github.com/brianseitel/oasis-mud/mud/item.go:494.2,495.20 1 1
github.com/brianseitel/oasis-mud/mud/item.go:496.2,497.17 1 1
github.com/brianseitel/oasis-mud/mud/item.go:498.2,499.18 1 1
github.com/brianseitel/oasis-mud/mud/item.go:500.2,501.21 1 1
github.com/brianseitel/oasis-mud/mud/item.go:502.2,503.17 1 1
github.com/brianseitel/oasis-mud/mud/item.go:504.2,505.21 1 1
github.com/brianseitel/oasis-mud/mud/item.go:506.2,507.27 1 1
github.com/brianseitel/oasis-mud/mud/item.go:508.2,509.15 1 1
github.com/brianseitel/oasis-mud/mud/item.go:510.2,511.16 1 1
github.com/brianseitel/oasis-mud/mud/item.go:512.2,513.17 1 1
github.com/brianseitel/oasis-mud/mud/item.go:514.2,515.16 1 1
github.com/brianseitel/oasis-mud/mud/item.go:516.2,517.22 1 1
github.com/brianseitel/oasis-mud/mud/item.go:518.2,519.21 1 1
github.com/brianseitel/oasis-mud/mud/item.go:520.2,521.20 1 1
github.com/brianseitel/oasis-mud/mud/item.go:522.2,523.16 1 1
github.com/brianseitel/oasis-mud/mud/magic.go:3.57,11.19 6 1
github.com/brianseitel/oasis-mud/mud/magic.go:15.2,15.22 1 1
github.com/brianseitel/oasis-mud/mud/magic.go:11.19,13.3 1 1
github.com/brianseitel/oasis-mud/mud/magic.go:15.22,17.3 1 1
github.com/brianseitel/oasis-mud/mud/magic.go:20.81,22.18 1 1
github.com/brianseitel/oasis-mud/mud/magic.go:26.2,27.22 2 1
github.com/brianseitel/oasis-mud/mud/magic.go:58.2,60.93 3 1
github.com/brianseitel/oasis-mud/mud/magic.go:22.18,24.3 1 1
github.com/brianseitel/oasis-mud/mud/magic.go:28.2,30.8 2 1
github.com/brianseitel/oasis-mud/mud/magic.go:32.2,33.20 1 1
github.com/brianseitel/oasis-mud/mud/magic.go:36.3,36.39 1 1
github.com/brianseitel/oasis-mud/mud/magic.go:41.3,42.8 2 1
github.com/brianseitel/oasis-mud/mud/magic.go:44.2,45.20 1 1
github.com/brianseitel/oasis-mud/mud/magic.go:49.3,50.8 2 1
github.com/brianseitel/oasis-mud/mud/magic.go:52.2,54.8 2 1
github.com/brianseitel/oasis-mud/mud/magic.go:33.20,35.4 1 1
github.com/brianseitel/oasis-mud/mud/magic.go:36.39,39.4 2 1
github.com/brianseitel/oasis-mud/mud/magic.go:45.20,47.4 1 1
github.com/brianseitel/oasis-mud/mud/magic.go:60.93,61.38 1 1
github.com/brianseitel/oasis-mud/mud/magic.go:61.38,62.42 1 1
github.com/brianseitel/oasis-mud/mud/magic.go:62.42,64.10 2 1
github.com/brianseitel/oasis-mud/mud/mob_actions.go:9.47,12.18 2 1
github.com/brianseitel/oasis-mud/mud/mob_actions.go:30.2,30.13 1 1
github.com/brianseitel/oasis-mud/mud/mob_actions.go:13.2,15.9 2 1
github.com/brianseitel/oasis-mud/mud/mob_actions.go:16.2,18.9 2 1
github.com/brianseitel/oasis-mud/mud/mob_actions.go:19.2,21.9 2 1
github.com/brianseitel/oasis-mud/mud/mob_actions.go:22.2,24.9 2 1
github.com/brianseitel/oasis-mud/mud/mob_actions.go:25.2,27.9 2 1
github.com/brianseitel/oasis-mud/mud/mob_actions.go:31.2,34.9 3 1
github.com/brianseitel/oasis-mud/mud/mob_actions.go:35.2,38.9 3 1
github.com/brianseitel/oasis-mud/mud/mob_actions.go:39.2,42.9 3 1
github.com/brianseitel/oasis-mud/mud/mob_actions.go:43.2,46.9 3 1
github.com/brianseitel/oasis-mud/mud/mob_actions.go:47.2,49.9 2 1
github.com/brianseitel/oasis-mud/mud/mob_actions.go:54.44,57.16 2 1
github.com/brianseitel/oasis-mud/mud/mob_actions.go:62.2,63.37 2 1
github.com/brianseitel/oasis-mud/mud/mob_actions.go:70.2,70.16 1 1
github.com/brianseitel/oasis-mud/mud/mob_actions.go:79.2,79.16 1 1
github.com/brianseitel/oasis-mud/mud/mob_actions.go:101.2,101.38 1 1
github.com/brianseitel/oasis-mud/mud/mob_actions.go:128.2,128.35 1 1
github.com/brianseitel/oasis-mud/mud/mob_actions.go:57.16,60.3 2 1
github.com/brianseitel/oasis-mud/mud/mob_actions.go:63.37,64.35 1 1
github.com/brianseitel/oasis-mud/mud/mob_actions.go:64.35,66.9 2 1
github.com/brianseitel/oasis-mud/mud/mob_actions.go:70.16,71.39 1 1
github.com/brianseitel/oasis-mud/mud/mob_actions.go:71.39,72.36 1 1
github.com/brianseitel/oasis-mud/mud/mob_actions.go:72.36,74.10 2 1
github.com/brianseitel/oasis-mud/mud/mob_actions.go:79.16,80.36 1 1
github.com/brianseitel/oasis-mud/mud/mob_actions.go:85.3,85.21 1 1
github.com/brianseitel/oasis-mud/mud/mob_actions.go:90.3,90.25 1 1
github.com/brianseitel/oasis-mud/mud/mob_actions.go:95.3,98.9 4 1
github.com/brianseitel/oasis-mud/mud/mob_actions.go:80.36,83.4 2 1
github.com/brianseitel/oasis-mud/mud/mob_actions.go:85.21,88.4 2 1
github.com/brianseitel/oasis-mud/mud/mob_actions.go:90.25,93.4 2 1
github.com/brianseitel/oasis-mud/mud/mob_actions.go:101.38,102.34 1 1
github.com/brianseitel/oasis-mud/mud/mob_actions.go:102.34,104.20 1 1
github.com/brianseitel/oasis-mud/mud/mob_actions.go:109.4,114.21 4 1
github.com/brianseitel/oasis-mud/mud/mob_actions.go:124.4,124.10 1 1
github.com/brianseitel/oasis-mud/mud/mob_actions.go:104.20,107.5 2 1
github.com/brianseitel/oasis-mud/mud/mob_actions.go:114.21,115.37 1 1
github.com/brianseitel/oasis-mud/mud/mob_actions.go:115.37,116.43 1 1
github.com/brianseitel/oasis-mud/mud/mob_actions.go:116.43,118.37 2 1
github.com/brianseitel/oasis-mud/mud/mob_actions.go:118.37,120.8 1 1
github.com/brianseitel/oasis-mud/mud/mob_actions.go:131.47,134.55 3 1
github.com/brianseitel/oasis-mud/mud/mob_actions.go:146.2,146.16 1 1
github.com/brianseitel/oasis-mud/mud/mob_actions.go:134.55,136.35 2 1
github.com/brianseitel/oasis-mud/mud/mob_actions.go:136.35,139.18 3 1
github.com/brianseitel/oasis-mud/mud/mob_actions.go:139.18,142.5 2 1
github.com/brianseitel/oasis-mud/mud/mob_actions.go:146.16,148.3 1 0
github.com/brianseitel/oasis-mud/mud/mob_actions.go:151.44,154.16 2 1
github.com/brianseitel/oasis-mud/mud/mob_actions.go:178.2,179.37 2 1
github.com/brianseitel/oasis-mud/mud/mob_actions.go:185.2,185.55 1 1
github.com/brianseitel/oasis-mud/mud/mob_actions.go:190.2,190.20 1 1
github.com/brianseitel/oasis-mud/mud/mob_actions.go:195.2,195.79 1 1
github.com/brianseitel/oasis-mud/mud/mob_actions.go:200.2,200.53 1 1
github.com/brianseitel/oasis-mud/mud/mob_actions.go:205.2,205.53 1 1
github.com/brianseitel/oasis-mud/mud/mob_actions.go:214.2,214.69 1 1
github.com/brianseitel/oasis-mud/mud/mob_actions.go:221.2,226.8 5 1
github.com/brianseitel/oasis-mud/mud/mob_actions.go:154.16,156.20 2 1
github.com/brianseitel/oasis-mud/mud/mob_actions.go:160.3,161.52 2 1
github.com/brianseitel/oasis-mud/mud/mob_actions.go:175.3,175.9 1 1
github.com/brianseitel/oasis-mud/mud/mob_actions.go:156.20,158.4 1 1
github.com/brianseitel/oasis-mud/mud/mob_actions.go:161.52,164.37 2 1
github.com/brianseitel/oasis-mud/mud/mob_actions.go:164.37,165.49 1 1
github.com/brianseitel/oasis-mud/mud/mob_actions.go:165.49,167.20 2 1
github.com/brianseitel/oasis-mud/mud/mob_actions.go:171.6,171.192 1 1
github.com/brianseitel/oasis-mud/mud/mob_actions.go:167.20,169.7 1 1
github.com/brianseitel/oasis-mud/mud/mob_actions.go:179.37,180.35 1 1
github.com/brianseitel/oasis-mud/mud/mob_actions.go:180.35,182.9 2 1
github.com/brianseitel/oasis-mud/mud/mob_actions.go:185.55,188.3 2 1
github.com/brianseitel/oasis-mud/mud/mob_actions.go:190.20,193.3 2 1
github.com/brianseitel/oasis-mud/mud/mob_actions.go:195.79,198.3 2 1
github.com/brianseitel/oasis-mud/mud/mob_actions.go:200.53,203.3 2 1
github.com/brianseitel/oasis-mud/mud/mob_actions.go:205.53,212.3 6 1
github.com/brianseitel/oasis-mud/mud/mob_actions.go:214.69,219.3 4 1
github.com/brianseitel/oasis-mud/mud/mob_actions.go:229.43,232.43 2 1
github.com/brianseitel/oasis-mud/mud/mob_actions.go:236.2,238.58 2 1
github.com/brianseitel/oasis-mud/mud/mob_actions.go:241.2,241.8 1 1
github.com/brianseitel/oasis-mud/mud/mob_actions.go:232.43,234.3 1 1
github.com/brianseitel/oasis-mud/mud/mob_actions.go:238.58,240.3 1 1
github.com/brianseitel/oasis-mud/mud/mob_actions.go:244.45,245.23 1 1
github.com/brianseitel/oasis-mud/mud/mob_actions.go:250.2,252.37 3 1
github.com/brianseitel/oasis-mud/mud/mob_actions.go:259.2,259.19 1 1
github.com/brianseitel/oasis-mud/mud/mob_actions.go:264.2,264.22 1 1
github.com/brianseitel/oasis-mud/mud/mob_actions.go:274.2,274.69 1 1
github.com/brianseitel/oasis-mud/mud/mob_actions.go:279.2,279.26 1 1
github.com/brianseitel/oasis-mud/mud/mob_actions.go:283.2,284.8 2 1
github.com/brianseitel/oasis-mud/mud/mob_actions.go:245.23,248.3 2 1
github.com/brianseitel/oasis-mud/mud/mob_actions.go:252.37,253.35 1 1
github.com/brianseitel/oasis-mud/mud/mob_actions.go:253.35,255.9 2 1
github.com/brianseitel/oasis-mud/mud/mob_actions.go:259.19,262.3 2 1
github.com/brianseitel/oasis-mud/mud/mob_actions.go:264.22,265.27 1 1
github.com/brianseitel/oasis-mud/mud/mob_actions.go:270.3,271.9 2 1
github.com/brianseitel/oasis-mud/mud/mob_actions.go:265.27,268.4 2 1
github.com/brianseitel/oasis-mud/mud/mob_actions.go:274.69,277.3 2 1
github.com/brianseitel/oasis-mud/mud/mob_actions.go:279.26,281.3 1 1
github.com/brianseitel/oasis-mud/mud/mob_actions.go:287.43,288.23 1 1
github.com/brianseitel/oasis-mud/mud/mob_actions.go:294.2,296.17 3 1
github.com/brianseitel/oasis-mud/mud/mob_actions.go:329.2,329.8 1 1
github.com/brianseitel/oasis-mud/mud/mob_actions.go:288.23,291.3 2 1
github.com/brianseitel/oasis-mud/mud/mob_actions.go:296.17,297.23 1 1
github.com/brianseitel/oasis-mud/mud/mob_actions.go:302.3,302.19 1 1
github.com/brianseitel/oasis-mud/mud/mob_actions.go:307.3,307.31 1 1
github.com/brianseitel/oasis-mud/mud/mob_actions.go:312.3,312.22 1 1
github.com/brianseitel/oasis-mud/mud/mob_actions.go:317.3,322.23 4 1
github.com/brianseitel/oasis-mud/mud/mob_actions.go:297.23,300.4 2 1
github.com/brianseitel/oasis-mud/mud/mob_actions.go:302.19,305.4 2 1
github.com/brianseitel/oasis-mud/mud/mob_actions.go:307.31,310.4 2 1
github.com/brianseitel/oasis-mud/mud/mob_actions.go:312.22,315.4 2 0
github.com/brianseitel/oasis-mud/mud/mob_actions.go:322.23,324.61 2 1
github.com/brianseitel/oasis-mud/mud/mob_actions.go:324.61,326.5 1 1
github.com/brianseitel/oasis-mud/mud/mob_actions.go:332.36,333.31 1 1
github.com/brianseitel/oasis-mud/mud/mob_actions.go:342.2,342.38 1 1
github.com/brianseitel/oasis-mud/mud/mob_actions.go:349.2,349.48 1 1
github.com/brianseitel/oasis-mud/mud/mob_actions.go:333.31,334.24 1 1
github.com/brianseitel/oasis-mud/mud/mob_actions.go:339.3,339.9 1 1
github.com/brianseitel/oasis-mud/mud/mob_actions.go:335.3,337.9 2 1
github.com/brianseitel/oasis-mud/mud/mob_actions.go:342.38,343.17 1 1
github.com/brianseitel/oasis-mud/mud/mob_actions.go:343.17,347.4 3 1
github.com/brianseitel/oasis-mud/mud/mob_actions.go:352.43,353.23 1 1
github.com/brianseitel/oasis-mud/mud/mob_actions.go:358.2,359.17 2 1
github.com/brianseitel/oasis-mud/mud/mob_actions.go:364.2,367.37 2 1
github.com/brianseitel/oasis-mud/mud/mob_actions.go:374.2,374.59 1 1
github.com/brianseitel/oasis-mud/mud/mob_actions.go:380.2,382.17 3 1
github.com/brianseitel/oasis-mud/mud/mob_actions.go:353.23,356.3 2 1
github.com/brianseitel/oasis-mud/mud/mob_actions.go:359.17,362.3 2 1
github.com/brianseitel/oasis-mud/mud/mob_actions.go:367.37,368.59 1 1
github.com/brianseitel/oasis-mud/mud/mob_actions.go:368.59,371.4 2 1
github.com/brianseitel/oasis-mud/mud/mob_actions.go:374.59,377.3 2 1
[...]
github.com/brianseitel/oasis-mud/mud/db.go:494.37,496.17 2 1
github.com/brianseitel/oasis-mud/mud/db.go:500.3,503.27 3 1
github.com/brianseitel/oasis-mud/mud/db.go:496.17,497.14 1 0
github.com/brianseitel/oasis-mud/mud/db.go:503.27,505.4 1 1
github.com/brianseitel/oasis-mud/mud/db.go:510.17,520.25 8 1
github.com/brianseitel/oasis-mud/mud/db.go:520.25,522.3 1 1
github.com/brianseitel/oasis-mud/mud/db.go:525.17,530.35 3 1
github.com/brianseitel/oasis-mud/mud/db.go:530.35,532.17 2 1
github.com/brianseitel/oasis-mud/mud/db.go:536.3,538.17 3 1
github.com/brianseitel/oasis-mud/mud/db.go:542.3,542.26 1 1
github.com/brianseitel/oasis-mud/mud/db.go:532.17,533.14 1 0
github.com/brianseitel/oasis-mud/mud/db.go:538.17,539.14 1 0
github.com/brianseitel/oasis-mud/mud/db.go:542.26,544.4 1 1
github.com/brianseitel/oasis-mud/mud/db.go:549.18,556.2 6 1
github.com/brianseitel/oasis-mud/mud/db.go:558.19,561.39 2 0
github.com/brianseitel/oasis-mud/mud/db.go:561.39,562.50 1 0
github.com/brianseitel/oasis-mud/mud/db.go:565.3,566.17 2 0
github.com/brianseitel/oasis-mud/mud/db.go:570.3,573.17 3 0
github.com/brianseitel/oasis-mud/mud/db.go:576.3,576.26 1 0
github.com/brianseitel/oasis-mud/mud/db.go:562.50,563.12 1 0
github.com/brianseitel/oasis-mud/mud/db.go:566.17,567.14 1 0
github.com/brianseitel/oasis-mud/mud/db.go:573.17,574.14 1 0
github.com/brianseitel/oasis-mud/mud/db.go:580.18,589.37 6 1
github.com/brianseitel/oasis-mud/mud/db.go:639.2,639.52 1 1
github.com/brianseitel/oasis-mud/mud/db.go:589.37,591.17 2 1
github.com/brianseitel/oasis-mud/mud/db.go:595.3,597.17 3 1
github.com/brianseitel/oasis-mud/mud/db.go:601.3,603.30 2 1
github.com/brianseitel/oasis-mud/mud/db.go:621.3,622.53 2 1
github.com/brianseitel/oasis-mud/mud/db.go:633.3,635.26 2 1
github.com/brianseitel/oasis-mud/mud/db.go:591.17,592.14 1 0
github.com/brianseitel/oasis-mud/mud/db.go:597.17,598.14 1 0
github.com/brianseitel/oasis-mud/mud/db.go:603.30,605.33 2 1
github.com/brianseitel/oasis-mud/mud/db.go:611.4,611.32 1 1
github.com/brianseitel/oasis-mud/mud/db.go:616.4,618.39 2 1
github.com/brianseitel/oasis-mud/mud/db.go:605.33,609.5 3 0
github.com/brianseitel/oasis-mud/mud/db.go:611.32,614.5 2 1
github.com/brianseitel/oasis-mud/mud/db.go:622.53,624.33 2 1
github.com/brianseitel/oasis-mud/mud/db.go:630.4,630.28 1 1
github.com/brianseitel/oasis-mud/mud/db.go:624.33,625.21 1 1
github.com/brianseitel/oasis-mud/mud/db.go:625.21,627.6 1 1
github.com/brianseitel/oasis-mud/mud/db.go:639.52,641.33 2 1
github.com/brianseitel/oasis-mud/mud/db.go:641.33,643.4 1 1
github.com/brianseitel/oasis-mud/mud/db.go:647.18,650.37 2 0
github.com/brianseitel/oasis-mud/mud/db.go:650.37,652.17 2 0
github.com/brianseitel/oasis-mud/mud/db.go:656.3,659.27 3 0
github.com/brianseitel/oasis-mud/mud/db.go:652.17,653.14 1 0
github.com/brianseitel/oasis-mud/mud/db.go:659.27,663.4 3 0
github.com/brianseitel/oasis-mud/mud/db.go:667.19,670.39 2 1
github.com/brianseitel/oasis-mud/mud/db.go:670.39,672.17 2 1
github.com/brianseitel/oasis-mud/mud/db.go:676.3,678.27 3 1
github.com/brianseitel/oasis-mud/mud/db.go:672.17,673.14 1 0
github.com/brianseitel/oasis-mud/mud/db.go:678.27,680.4 1 1
github.com/brianseitel/oasis-mud/mud/db.go:684.20,686.16 2 1
github.com/brianseitel/oasis-mud/mud/db.go:690.2,692.16 3 1
github.com/brianseitel/oasis-mud/mud/db.go:696.2,696.26 1 1
github.com/brianseitel/oasis-mud/mud/db.go:686.16,687.13 1 0
github.com/brianseitel/oasis-mud/mud/db.go:692.16,693.13 1 0
github.com/brianseitel/oasis-mud/mud/db.go:696.26,698.3 1 1
github.com/brianseitel/oasis-mud/mud/db.go:701.36,702.19 1 1
github.com/brianseitel/oasis-mud/mud/db.go:706.2,706.10 1 1
github.com/brianseitel/oasis-mud/mud/db.go:710.2,712.32 2 1
github.com/brianseitel/oasis-mud/mud/db.go:716.2,718.11 2 1
github.com/brianseitel/oasis-mud/mud/db.go:723.2,723.16 1 1
github.com/brianseitel/oasis-mud/mud/db.go:727.2,727.49 1 1
github.com/brianseitel/oasis-mud/mud/db.go:731.2,731.51 1 1
github.com/brianseitel/oasis-mud/mud/db.go:738.2,738.51 1 1
github.com/brianseitel/oasis-mud/mud/db.go:745.2,745.21 1 1
github.com/brianseitel/oasis-mud/mud/db.go:749.2,749.8 1 1
github.com/brianseitel/oasis-mud/mud/db.go:702.19,704.3 1 0
github.com/brianseitel/oasis-mud/mud/db.go:706.10,708.3 1 1
github.com/brianseitel/oasis-mud/mud/db.go:712.32,714.3 1 0
github.com/brianseitel/oasis-mud/mud/db.go:718.11,721.3 2 1
github.com/brianseitel/oasis-mud/mud/db.go:723.16,725.3 1 1
github.com/brianseitel/oasis-mud/mud/db.go:727.49,729.3 1 0
github.com/brianseitel/oasis-mud/mud/db.go:731.51,733.26 2 1
github.com/brianseitel/oasis-mud/mud/db.go:733.26,735.4 1 0
github.com/brianseitel/oasis-mud/mud/db.go:738.51,740.14 2 1
github.com/brianseitel/oasis-mud/mud/db.go:740.14,742.4 1 0
github.com/brianseitel/oasis-mud/mud/db.go:745.21,747.3 1 1
github.com/brianseitel/oasis-mud/mud/db.go:752.28,753.21 1 0
github.com/brianseitel/oasis-mud/mud/db.go:756.2,756.26 1 0
github.com/brianseitel/oasis-mud/mud/db.go:759.2,759.25 1 0
github.com/brianseitel/oasis-mud/mud/db.go:763.2,763.34 1 0
github.com/brianseitel/oasis-mud/mud/db.go:767.2,767.52 1 0
github.com/brianseitel/oasis-mud/mud/db.go:775.2,778.8 3 0
github.com/brianseitel/oasis-mud/mud/db.go:753.21,755.3 1 0
github.com/brianseitel/oasis-mud/mud/db.go:756.26,758.3 1 0
github.com/brianseitel/oasis-mud/mud/db.go:759.25,761.3 1 0
github.com/brianseitel/oasis-mud/mud/db.go:763.34,765.3 1 0
github.com/brianseitel/oasis-mud/mud/db.go:767.52,769.15 2 0
github.com/brianseitel/oasis-mud/mud/db.go:769.15,771.9 2 0
github.com/brianseitel/oasis-mud/mud/db.go:781.44,803.2 19 1
github.com/brianseitel/oasis-mud/mud/db.go:805.35,815.2 7 1
github.com/brianseitel/oasis-mud/mud/db.go:817.38,819.2 1 1
github.com/brianseitel/oasis-mud/mud/db.go:821.39,823.2 1 1
github.com/brianseitel/oasis-mud/mud/db.go:825.32,898.2 47 1
github.com/brianseitel/oasis-mud/mud/db.go:900.23,908.2 6 1
github.com/brianseitel/oasis-mud/mud/db.go:910.23,922.2 8 1
github.com/brianseitel/oasis-mud/mud/exit.go:21.31,23.2 1 1
github.com/brianseitel/oasis-mud/mud/exit.go:25.32,27.2 1 1
github.com/brianseitel/oasis-mud/mud/exit.go:29.30,31.2 1 1
github.com/brianseitel/oasis-mud/mud/exit.go:33.32,35.2 1 1
github.com/brianseitel/oasis-mud/mud/exit.go:37.34,39.2 1 1
github.com/brianseitel/oasis-mud/mud/exit.go:41.35,43.2 1 1
github.com/brianseitel/oasis-mud/mud/exit.go:45.34,47.2 1 1
github.com/brianseitel/oasis-mud/mud/exit.go:49.42,50.13 1 1
github.com/brianseitel/oasis-mud/mud/exit.go:51.2,52.16 1 1
github.com/brianseitel/oasis-mud/mud/exit.go:53.2,54.16 1 1
github.com/brianseitel/oasis-mud/mud/exit.go:55.2,56.16 1 1
github.com/brianseitel/oasis-mud/mud/exit.go:57.2,58.14 1 1
github.com/brianseitel/oasis-mud/mud/exit.go:59.2,60.17 1 1
github.com/brianseitel/oasis-mud/mud/exit.go:61.2,62.17 1 1
github.com/brianseitel/oasis-mud/mud/exit.go:63.2,64.16 1 1
github.com/brianseitel/oasis-mud/mud/register.go:8.48,12.53 2 0
github.com/brianseitel/oasis-mud/mud/register.go:16.2,50.18 9 0
github.com/brianseitel/oasis-mud/mud/register.go:12.53,14.3 1 0
github.com/brianseitel/oasis-mud/mud/register.go:53.37,57.2 3 0
github.com/brianseitel/oasis-mud/mud/register.go:59.43,62.16 3 0
github.com/brianseitel/oasis-mud/mud/register.go:65.2,65.36 1 0
github.com/brianseitel/oasis-mud/mud/register.go:62.16,63.13 1 0
github.com/brianseitel/oasis-mud/mud/register.go:68.35,69.51 1 0
github.com/brianseitel/oasis-mud/mud/register.go:73.2,73.6 1 0
github.com/brianseitel/oasis-mud/mud/register.go:69.51,72.3 2 0
github.com/brianseitel/oasis-mud/mud/register.go:73.6,78.52 4 0
github.com/brianseitel/oasis-mud/mud/register.go:86.3,86.60 1 0
github.com/brianseitel/oasis-mud/mud/register.go:78.52,81.40 2 0
github.com/brianseitel/oasis-mud/mud/register.go:81.40,83.5 1 0
github.com/brianseitel/oasis-mud/mud/register.go:90.37,91.52 1 0
github.com/brianseitel/oasis-mud/mud/register.go:96.2,96.6 1 0
github.com/brianseitel/oasis-mud/mud/register.go:91.52,94.3 2 0
github.com/brianseitel/oasis-mud/mud/register.go:96.6,101.53 4 0
github.com/brianseitel/oasis-mud/mud/register.go:107.3,107.60 1 0
github.com/brianseitel/oasis-mud/mud/register.go:101.53,103.40 2 0
github.com/brianseitel/oasis-mud/mud/register.go:103.40,105.5 1 0
github.com/brianseitel/oasis-mud/mud/socials.go:16.65,20.54 3 1
github.com/brianseitel/oasis-mud/mud/socials.go:29.2,29.12 1 1
github.com/brianseitel/oasis-mud/mud/socials.go:33.2,34.23 2 1
github.com/brianseitel/oasis-mud/mud/socials.go:50.2,52.19 2 1
github.com/brianseitel/oasis-mud/mud/socials.go:57.2,57.37 1 1
github.com/brianseitel/oasis-mud/mud/socials.go:64.2,64.19 1 1
github.com/brianseitel/oasis-mud/mud/socials.go:103.2,103.13 1 1
github.com/brianseitel/oasis-mud/mud/socials.go:20.54,22.40 2 1
github.com/brianseitel/oasis-mud/mud/socials.go:22.40,25.9 3 1
github.com/brianseitel/oasis-mud/mud/socials.go:29.12,31.3 1 1
github.com/brianseitel/oasis-mud/mud/socials.go:35.2,37.14 2 1
github.com/brianseitel/oasis-mud/mud/socials.go:38.2,38.21 0 1
github.com/brianseitel/oasis-mud/mud/socials.go:39.2,41.14 2 1
github.com/brianseitel/oasis-mud/mud/socials.go:43.2,44.29 1 1
github.com/brianseitel/oasis-mud/mud/socials.go:44.29,47.4 2 1
github.com/brianseitel/oasis-mud/mud/socials.go:52.19,56.3 3 1
github.com/brianseitel/oasis-mud/mud/socials.go:57.37,58.35 1 1
github.com/brianseitel/oasis-mud/mud/socials.go:58.35,60.9 2 1
github.com/brianseitel/oasis-mud/mud/socials.go:64.19,66.3 1 1
github.com/brianseitel/oasis-mud/mud/socials.go:66.3,66.29 1 1
github.com/brianseitel/oasis-mud/mud/socials.go:66.29,69.3 2 1
github.com/brianseitel/oasis-mud/mud/socials.go:69.3,74.60 4 1
github.com/brianseitel/oasis-mud/mud/socials.go:74.60,75.20 1 1
github.com/brianseitel/oasis-mud/mud/socials.go:76.4,78.10 2 1
github.com/brianseitel/oasis-mud/mud/socials.go:79.4,79.11 0 1
github.com/brianseitel/oasis-mud/mud/socials.go:80.4,80.11 0 1
github.com/brianseitel/oasis-mud/mud/socials.go:81.4,81.11 0 1
github.com/brianseitel/oasis-mud/mud/socials.go:82.4,82.11 0 1
github.com/brianseitel/oasis-mud/mud/socials.go:83.4,83.11 0 1
github.com/brianseitel/oasis-mud/mud/socials.go:84.4,84.11 0 1
github.com/brianseitel/oasis-mud/mud/socials.go:85.4,85.11 0 1
github.com/brianseitel/oasis-mud/mud/socials.go:86.4,90.10 4 1
github.com/brianseitel/oasis-mud/mud/socials.go:91.4,91.11 0 1
github.com/brianseitel/oasis-mud/mud/socials.go:92.4,92.12 0 1
github.com/brianseitel/oasis-mud/mud/socials.go:93.4,93.12 0 1
github.com/brianseitel/oasis-mud/mud/socials.go:94.4,98.10 4 1
github.com/brianseitel/oasis-mud/mud/socials.go:106.42,109.54 3 1
github.com/brianseitel/oasis-mud/mud/socials.go:118.2,120.16 2 1
github.com/brianseitel/oasis-mud/mud/socials.go:109.54,113.17 4 1
github.com/brianseitel/oasis-mud/mud/socials.go:113.17,115.4 1 1
github.com/brianseitel/oasis-mud/mud/socials.go:120.16,122.3 1 1
github.com/brianseitel/oasis-mud/mud/update.go:20.20,21.51 1 0
github.com/brianseitel/oasis-mud/mud/update.go:21.51,24.54 2 0
github.com/brianseitel/oasis-mud/mud/update.go:28.3,28.34 1 0
github.com/brianseitel/oasis-mud/mud/update.go:24.54,25.12 1 0
github.com/brianseitel/oasis-mud/mud/update.go:28.34,31.102 2 0
github.com/brianseitel/oasis-mud/mud/update.go:35.4,37.34 3 0
github.com/brianseitel/oasis-mud/mud/update.go:46.4,46.21 1 0
github.com/brianseitel/oasis-mud/mud/update.go:50.4,50.38 1 0
github.com/brianseitel/oasis-mud/mud/update.go:31.102,32.13 1 0
github.com/brianseitel/oasis-mud/mud/update.go:37.34,38.52 1 0
github.com/brianseitel/oasis-mud/mud/update.go:38.52,39.33 1 0
github.com/brianseitel/oasis-mud/mud/update.go:42.6,42.13 1 0
github.com/brianseitel/oasis-mud/mud/update.go:39.33,41.7 1 0
github.com/brianseitel/oasis-mud/mud/update.go:46.21,47.13 1 0
github.com/brianseitel/oasis-mud/mud/update.go:55.19,57.47 1 0
github.com/brianseitel/oasis-mud/mud/update.go:57.47,60.27 2 0
github.com/brianseitel/oasis-mud/mud/update.go:64.3,64.31 1 0
github.com/brianseitel/oasis-mud/mud/update.go:78.3,78.31 1 0
github.com/brianseitel/oasis-mud/mud/update.go:82.3,82.46 1 0
github.com/brianseitel/oasis-mud/mud/update.go:132.3,133.9 2 0
github.com/brianseitel/oasis-mud/mud/update.go:60.27,61.12 1 0
github.com/brianseitel/oasis-mud/mud/update.go:64.31,65.46 1 0
github.com/brianseitel/oasis-mud/mud/update.go:69.4,69.36 1 0
github.com/brianseitel/oasis-mud/mud/update.go:73.4,73.44 1 0
github.com/brianseitel/oasis-mud/mud/update.go:65.46,67.5 1 0
github.com/brianseitel/oasis-mud/mud/update.go:69.36,71.5 1 0
github.com/brianseitel/oasis-mud/mud/update.go:73.44,75.5 1 0
github.com/brianseitel/oasis-mud/mud/update.go:78.31,80.4 1 0
github.com/brianseitel/oasis-mud/mud/update.go:82.46,85.39 2 0
github.com/brianseitel/oasis-mud/mud/update.go:95.4,96.26 2 0
github.com/brianseitel/oasis-mud/mud/update.go:107.4,107.38 1 0
github.com/brianseitel/oasis-mud/mud/update.go:121.4,121.47 1 0
github.com/brianseitel/oasis-mud/mud/update.go:85.39,87.47 2 0
github.com/brianseitel/oasis-mud/mud/update.go:87.47,92.6 3 0
github.com/brianseitel/oasis-mud/mud/update.go:96.26,97.54 1 0
github.com/brianseitel/oasis-mud/mud/update.go:97.54,104.6 6 0
github.com/brianseitel/oasis-mud/mud/update.go:107.38,108.24 1 0
github.com/brianseitel/oasis-mud/mud/update.go:118.5,118.28 1 0
github.com/brianseitel/oasis-mud/mud/update.go:108.24,110.6 1 0
github.com/brianseitel/oasis-mud/mud/update.go:110.6,110.31 1 0
github.com/brianseitel/oasis-mud/mud/update.go:110.31,112.6 0 0
github.com/brianseitel/oasis-mud/mud/update.go:112.6,113.70 1 0
github.com/brianseitel/oasis-mud/mud/update.go:113.70,115.7 1 0
github.com/brianseitel/oasis-mud/mud/update.go:121.47,125.5 3 0
github.com/brianseitel/oasis-mud/mud/update.go:125.5,125.45 1 0
github.com/brianseitel/oasis-mud/mud/update.go:125.45,127.5 1 0
github.com/brianseitel/oasis-mud/mud/update.go:127.5,127.38 1 0
github.com/brianseitel/oasis-mud/mud/update.go:127.38,129.5 1 0
github.com/brianseitel/oasis-mud/mud/update.go:137.18,138.51 1 0
github.com/brianseitel/oasis-mud/mud/update.go:138.51,141.36 2 0
github.com/brianseitel/oasis-mud/mud/update.go:145.3,145.28 1 0
github.com/brianseitel/oasis-mud/mud/update.go:150.3,150.78 1 0
github.com/brianseitel/oasis-mud/mud/update.go:169.3,169.35 1 0
github.com/brianseitel/oasis-mud/mud/update.go:174.3,176.16 3 0
github.com/brianseitel/oasis-mud/mud/update.go:180.3,180.97 1 0
github.com/brianseitel/oasis-mud/mud/update.go:141.36,142.12 1 0
github.com/brianseitel/oasis-mud/mud/update.go:145.28,146.12 1 0
github.com/brianseitel/oasis-mud/mud/update.go:150.78,154.39 4 0
github.com/brianseitel/oasis-mud/mud/update.go:162.4,162.25 1 0
github.com/brianseitel/oasis-mud/mud/update.go:154.39,155.50 1 0
github.com/brianseitel/oasis-mud/mud/update.go:155.50,159.6 3 0
github.com/brianseitel/oasis-mud/mud/update.go:162.25,165.5 2 0
github.com/brianseitel/oasis-mud/mud/update.go:169.35,171.4 1 0
github.com/brianseitel/oasis-mud/mud/update.go:176.16,178.4 1 0
github.com/brianseitel/oasis-mud/mud/update.go:180.97,182.39 2 0
github.com/brianseitel/oasis-mud/mud/update.go:189.4,189.14 1 0
github.com/brianseitel/oasis-mud/mud/update.go:182.39,183.21 1 0
github.com/brianseitel/oasis-mud/mud/update.go:183.21,185.11 2 0
github.com/brianseitel/oasis-mud/mud/update.go:189.14,191.5 1 0
github.com/brianseitel/oasis-mud/mud/update.go:196.18,197.52 1 0
github.com/brianseitel/oasis-mud/mud/update.go:197.52,200.22 2 0
github.com/brianseitel/oasis-mud/mud/update.go:204.3,206.21 2 0
github.com/brianseitel/oasis-mud/mud/update.go:210.3,211.24 2 0
github.com/brianseitel/oasis-mud/mud/update.go:229.3,229.28 1 0
github.com/brianseitel/oasis-mud/mud/update.go:200.22,201.12 1 0
github.com/brianseitel/oasis-mud/mud/update.go:206.21,207.12 1 0
github.com/brianseitel/oasis-mud/mud/update.go:212.3,214.9 2 0
github.com/brianseitel/oasis-mud/mud/update.go:215.3,217.9 2 0
github.com/brianseitel/oasis-mud/mud/update.go:218.3,220.9 2 0
github.com/brianseitel/oasis-mud/mud/update.go:221.3,223.9 2 0
github.com/brianseitel/oasis-mud/mud/update.go:224.3,226.9 2 0
github.com/brianseitel/oasis-mud/mud/update.go:229.28,231.4 1 0
github.com/brianseitel/oasis-mud/mud/update.go:231.4,231.57 1 0
github.com/brianseitel/oasis-mud/mud/update.go:231.57,234.4 2 0
github.com/brianseitel/oasis-mud/mud/update.go:238.22,245.25 5 0
github.com/brianseitel/oasis-mud/mud/update.go:251.2,251.25 1 0
github.com/brianseitel/oasis-mud/mud/update.go:257.2,257.29 1 0
github.com/brianseitel/oasis-mud/mud/update.go:263.2,263.26 1 0
github.com/brianseitel/oasis-mud/mud/update.go:272.2,273.8 2 0
github.com/brianseitel/oasis-mud/mud/update.go:245.25,249.3 3 0
github.com/brianseitel/oasis-mud/mud/update.go:251.25,255.3 3 0
github.com/brianseitel/oasis-mud/mud/update.go:257.29,261.3 3 0
github.com/brianseitel/oasis-mud/mud/update.go:263.26,270.3 5 0
github.com/brianseitel/oasis-mud/mud/update.go:276.36,278.2 1 1
github.com/brianseitel/oasis-mud/mud/connection.go:16.44,21.2 1 0
github.com/brianseitel/oasis-mud/mud/connection.go:23.28,25.41 2 1
github.com/brianseitel/oasis-mud/mud/connection.go:32.2,33.21 2 1
github.com/brianseitel/oasis-mud/mud/connection.go:25.41,26.25 1 1
github.com/brianseitel/oasis-mud/mud/connection.go:26.25,28.9 2 1
github.com/brianseitel/oasis-mud/mud/connection.go:36.46,38.2 1 1
github.com/brianseitel/oasis-mud/mud/connection.go:40.46,42.2 1 0
github.com/brianseitel/oasis-mud/mud/connection.go:44.35,46.2 1 0
github.com/brianseitel/oasis-mud/mud/job.go:17.26,18.51 1 1
github.com/brianseitel/oasis-mud/mud/job.go:24.2,24.12 1 1
github.com/brianseitel/oasis-mud/mud/job.go:18.51,20.17 2 1
github.com/brianseitel/oasis-mud/mud/job.go:20.17,22.4 1 1
github.com/brianseitel/oasis-mud/mud/login.go:10.32,15.21 3 0
github.com/brianseitel/oasis-mud/mud/login.go:24.2,29.16 4 0
github.com/brianseitel/oasis-mud/mud/login.go:35.2,35.25 1 0
github.com/brianseitel/oasis-mud/mud/login.go:44.2,44.33 1 0
github.com/brianseitel/oasis-mud/mud/login.go:49.2,56.10 6 0
github.com/brianseitel/oasis-mud/mud/login.go:15.21,18.17 3 0
github.com/brianseitel/oasis-mud/mud/login.go:21.3,21.37 1 0
github.com/brianseitel/oasis-mud/mud/login.go:18.17,19.14 1 0
github.com/brianseitel/oasis-mud/mud/login.go:29.16,33.3 3 0
github.com/brianseitel/oasis-mud/mud/login.go:35.25,38.17 3 0
github.com/brianseitel/oasis-mud/mud/login.go:41.3,41.41 1 0
github.com/brianseitel/oasis-mud/mud/login.go:38.17,39.14 1 0
github.com/brianseitel/oasis-mud/mud/login.go:44.33,47.3 2 0
github.com/brianseitel/oasis-mud/mud/math.go:3.59,5.2 1 1
github.com/brianseitel/oasis-mud/mud/math.go:7.38,9.11 1 1
github.com/brianseitel/oasis-mud/mud/math.go:15.2,15.10 1 1
github.com/brianseitel/oasis-mud/mud/math.go:9.11,11.3 1 1
github.com/brianseitel/oasis-mud/mud/math.go:11.3,11.18 1 1
github.com/brianseitel/oasis-mud/mud/math.go:11.18,13.3 1 1
github.com/brianseitel/oasis-mud/mud/math.go:18.28,19.11 1 1
github.com/brianseitel/oasis-mud/mud/math.go:23.2,23.10 1 1
github.com/brianseitel/oasis-mud/mud/math.go:19.11,21.3 1 1
github.com/brianseitel/oasis-mud/mud/math.go:26.28,27.11 1 1
github.com/brianseitel/oasis-mud/mud/math.go:31.2,31.10 1 1
github.com/brianseitel/oasis-mud/mud/math.go:27.11,29.3 1 1
github.com/brianseitel/oasis-mud/mud/math.go:34.37,36.2 1 1
github.com/brianseitel/oasis-mud/mud/math.go:38.36,41.2 2 1
github.com/brianseitel/oasis-mud/mud/math.go:43.39,46.2 2 1
github.com/brianseitel/oasis-mud/mud/math.go:48.39,49.23 1 1
github.com/brianseitel/oasis-mud/mud/math.go:54.2,54.13 1 1
github.com/brianseitel/oasis-mud/mud/math.go:49.23,51.3 1 1
github.com/brianseitel/oasis-mud/mud/math.go:51.3,53.3 1 1
github.com/brianseitel/oasis-mud/mud/math.go:57.38,71.35 12 1
github.com/brianseitel/oasis-mud/mud/math.go:78.2,78.16 1 1
github.com/brianseitel/oasis-mud/mud/math.go:71.35,72.26 1 1
github.com/brianseitel/oasis-mud/mud/math.go:72.26,75.4 2 1
github.com/brianseitel/oasis-mud/mud/math.go:81.41,108.35 24 1
github.com/brianseitel/oasis-mud/mud/math.go:115.2,115.16 1 1
github.com/brianseitel/oasis-mud/mud/math.go:108.35,109.26 1 1
github.com/brianseitel/oasis-mud/mud/math.go:109.26,112.4 2 1
